<?xml version="1.0" encoding="UTF-8"?>
<robot generator="Robot 7.3.2 (Python 3.11.9 on win32)" generated="2025-11-20T23:03:08.565989" rpa="false" schemaversion="5">
<suite id="s1" name="FootballFixtures" source="C:\Users\Arek\PycharmProjects\FootballAutomation\tests\FootballFixtures.robot">
<test id="s1-t1" name="Football Fixtures Automation" line="9">
<kw name="Open Browser Once" owner="Keywords">
<kw name="Open Browser" owner="SeleniumLibrary">
<msg time="2025-11-20T23:03:09.061268" level="INFO">Opening browser 'Chrome' to base url 'https://www.flashscore.pl'.</msg>
<arg>${FLASHSCORE_URL}</arg>
<arg>${BROWSER}</arg>
<doc>Opens a new browser instance to the optional ``url``.</doc>
<status status="PASS" start="2025-11-20T23:03:09.061268" elapsed="3.351010"/>
</kw>
<kw name="Maximize Browser Window" owner="SeleniumLibrary">
<doc>Maximizes current browser window.</doc>
<status status="PASS" start="2025-11-20T23:03:12.413279" elapsed="0.042079"/>
</kw>
<kw name="Run Keyword And Ignore Error" owner="BuiltIn">
<kw name="Click Button" owner="SeleniumLibrary">
<msg time="2025-11-20T23:03:12.456366" level="INFO">Clicking button 'id:onetrust-accept-btn-handler'.</msg>
<arg>id:onetrust-accept-btn-handler</arg>
<doc>Clicks the button identified by ``locator``.</doc>
<status status="PASS" start="2025-11-20T23:03:12.455358" elapsed="0.314177"/>
</kw>
<arg>Click Button</arg>
<arg>id:onetrust-accept-btn-handler</arg>
<doc>Runs the given keyword with the given arguments and ignores possible error.</doc>
<status status="PASS" start="2025-11-20T23:03:12.455358" elapsed="0.314177"/>
</kw>
<status status="PASS" start="2025-11-20T23:03:09.060242" elapsed="3.709293"/>
</kw>
<kw name="List Files In Directory" owner="OperatingSystem">
<msg time="2025-11-20T23:03:12.770532" level="INFO" html="true">Listing contents of directory '&lt;a href="file://C:\Users\Arek\PycharmProjects\FootballAutomation\Input"&gt;C:\Users\Arek\PycharmProjects\FootballAutomation\Input&lt;/a&gt;'.</msg>
<msg time="2025-11-20T23:03:12.771532" level="INFO">1 file:
input.json</msg>
<msg time="2025-11-20T23:03:12.771532" level="INFO">${input_files} = ['input.json']</msg>
<var>${input_files}</var>
<arg>${INPUT_FOLDER}</arg>
<arg>*.json</arg>
<doc>Wrapper for `List Directory` that returns only files.</doc>
<status status="PASS" start="2025-11-20T23:03:12.770532" elapsed="0.001000"/>
</kw>
<for flavor="IN">
<iter>
<kw name="Read Input JSON" owner="Keywords">
<kw name="Load Json From File" owner="JSONLibrary">
<msg time="2025-11-20T23:03:12.772934" level="INFO">${data} = {'footballFixturesAutomationInput': [{'date': '2025-11-03', 'country': 'Polska', 'leagueName': 'Ekstraklasa', 'latitude': 52.23, 'longitude': 21.01}, {'date': '2025-11-04', 'country': 'Anglia', 'leagu...</msg>
<var>${data}</var>
<arg>${file_path}</arg>
<doc>Load JSON from file.</doc>
<status status="PASS" start="2025-11-20T23:03:12.771532" elapsed="0.001402"/>
</kw>
<return>
<value>${data['footballFixturesAutomationInput']}</value>
<status status="PASS" start="2025-11-20T23:03:12.772934" elapsed="0.000000"/>
</return>
<msg time="2025-11-20T23:03:12.772934" level="INFO">${records} = [{'date': '2025-11-03', 'country': 'Polska', 'leagueName': 'Ekstraklasa', 'latitude': 52.23, 'longitude': 21.01}, {'date': '2025-11-04', 'country': 'Anglia', 'leagueName': 'Premier League', 'latitude'...</msg>
<var>${records}</var>
<arg>${INPUT_FOLDER}/${file}</arg>
<status status="PASS" start="2025-11-20T23:03:12.771532" elapsed="0.001402"/>
</kw>
<for flavor="IN">
<iter>
<kw name="Create Output Folder" owner="Keywords">
<kw name="Get Current Date" owner="DateTime">
<msg time="2025-11-20T23:03:12.775535" level="INFO">${date} = 2025-11-20 23-03</msg>
<var>${date}</var>
<arg>result_format=%Y-%m-%d %H-%M</arg>
<doc>Returns current local or UTC time with an optional increment.</doc>
<status status="PASS" start="2025-11-20T23:03:12.774024" elapsed="0.001511"/>
</kw>
<kw name="Join Path" owner="OperatingSystem">
<msg time="2025-11-20T23:03:12.775535" level="INFO">${folder} = C:\Users\Arek\PycharmProjects\FootballAutomation\Output\2025-11-20 23-03 Ekstraklasa</msg>
<var>${folder}</var>
<arg>${OUTPUT_FOLDER}</arg>
<arg>${date} ${leagueName}</arg>
<doc>Joins the given path part(s) to the given base path.</doc>
<status status="PASS" start="2025-11-20T23:03:12.775535" elapsed="0.000000"/>
</kw>
<kw name="Create Directory" owner="OperatingSystem">
<msg time="2025-11-20T23:03:12.776567" level="INFO" html="true">Created directory '&lt;a href="file://C:\Users\Arek\PycharmProjects\FootballAutomation\Output\2025-11-20 23-03 Ekstraklasa"&gt;C:\Users\Arek\PycharmProjects\FootballAutomation\Output\2025-11-20 23-03 Ekstraklasa&lt;/a&gt;'.</msg>
<arg>${folder}</arg>
<doc>Creates the specified directory.</doc>
<status status="PASS" start="2025-11-20T23:03:12.775535" elapsed="0.001032"/>
</kw>
<return>
<value>${folder}</value>
<status status="PASS" start="2025-11-20T23:03:12.776567" elapsed="0.000000"/>
</return>
<msg time="2025-11-20T23:03:12.776567" level="INFO">${folder} = C:\Users\Arek\PycharmProjects\FootballAutomation\Output\2025-11-20 23-03 Ekstraklasa</msg>
<var>${folder}</var>
<arg>${record['leagueName']}</arg>
<status status="PASS" start="2025-11-20T23:03:12.774024" elapsed="0.002543"/>
</kw>
<kw name="Get League Table" owner="Keywords">
<kw name="Navigate To League Page" owner="Keywords">
<kw name="Try Direct URLs" owner="Keywords">
<kw name="Convert To Lower Case" owner="String">
<msg time="2025-11-20T23:03:12.778700" level="INFO">${league_slug} = ekstraklasa</msg>
<var>${league_slug}</var>
<arg>${league_name}</arg>
<doc>Converts string to lower case.</doc>
<status status="PASS" start="2025-11-20T23:03:12.778700" elapsed="0.000000"/>
</kw>
<kw name="Replace String" owner="String">
<msg time="2025-11-20T23:03:12.778700" level="INFO">${league_slug} = ekstraklasa</msg>
<var>${league_slug}</var>
<arg>${league_slug}</arg>
<arg>${SPACE}</arg>
<arg>-</arg>
<doc>Replaces ``search_for`` in the given ``string`` with ``replace_with``.</doc>
<status status="PASS" start="2025-11-20T23:03:12.778700" elapsed="0.000000"/>
</kw>
<kw name="Create Dictionary" owner="BuiltIn">
<msg time="2025-11-20T23:03:12.779703" level="INFO">&amp;{mappings} = { ekstraklasa=poland/ekstraklasa | premier-league=england/premier-league | pko-bp=poland/ekstraklasa }</msg>
<var>&amp;{mappings}</var>
<arg>ekstraklasa=poland/ekstraklasa</arg>
<arg>premier-league=england/premier-league</arg>
<arg>pko-bp=poland/ekstraklasa</arg>
<doc>Creates and returns a dictionary based on the given ``items``.</doc>
<status status="PASS" start="2025-11-20T23:03:12.778700" elapsed="0.001003"/>
</kw>
<kw name="Get From Dictionary" owner="Collections">
<msg time="2025-11-20T23:03:12.780951" level="INFO">${path} = poland/ekstraklasa</msg>
<var>${path}</var>
<arg>${mappings}</arg>
<arg>${league_slug}</arg>
<arg>default=${EMPTY}</arg>
<doc>Returns a value from the given ``dictionary`` based on the given ``key``.</doc>
<status status="PASS" start="2025-11-20T23:03:12.779703" elapsed="0.001248"/>
</kw>
<kw name="Create List" owner="BuiltIn">
<msg time="2025-11-20T23:03:12.780951" level="INFO">@{attempts} = [ poland/ekstraklasa | poland/ekstraklasa | england/ekstraklasa | spain/ekstraklasa ]</msg>
<var>@{attempts}</var>
<arg>${path}</arg>
<arg>poland/${league_slug}</arg>
<arg>england/${league_slug}</arg>
<arg>spain/${league_slug}</arg>
<doc>Returns a list containing given items.</doc>
<status status="PASS" start="2025-11-20T23:03:12.780951" elapsed="0.000000"/>
</kw>
<for flavor="IN">
<iter>
<kw name="Continue For Loop If" owner="BuiltIn">
<arg>'${attempt}' == '${EMPTY}'</arg>
<doc>Skips the current FOR loop iteration if the ``condition`` is true.</doc>
<status status="PASS" start="2025-11-20T23:03:12.781965" elapsed="0.001191"/>
</kw>
<kw name="Go To" owner="SeleniumLibrary">
<msg time="2025-11-20T23:03:12.783156" level="INFO">Opening url 'https://www.flashscore.com/football/poland/ekstraklasa/standings/'</msg>
<arg>https://www.flashscore.com/football/${attempt}/standings/</arg>
<doc>Navigates the current browser window to the provided ``url``.</doc>
<status status="PASS" start="2025-11-20T23:03:12.783156" elapsed="1.270796"/>
</kw>
<kw name="Check If Page Is Valid" owner="Keywords">
<kw name="Run Keyword And Return Status" owner="BuiltIn">
<kw name="Wait Until Element Is Visible" owner="SeleniumLibrary">
<arg>css:.ui-table, .standings</arg>
<arg>timeout=3s</arg>
<doc>Waits until the element ``locator`` is visible.</doc>
<status status="PASS" start="2025-11-20T23:03:14.055456" elapsed="0.724127"/>
</kw>
<msg time="2025-11-20T23:03:14.779583" level="INFO">${status} = True</msg>
<var>${status}</var>
<arg>Wait Until Element Is Visible</arg>
<arg>css:.ui-table, .standings</arg>
<arg>timeout=3s</arg>
<doc>Runs the given keyword with given arguments and returns the status as a Boolean value.</doc>
<status status="PASS" start="2025-11-20T23:03:14.055456" elapsed="0.724127"/>
</kw>
<return>
<value>${status}</value>
<status status="PASS" start="2025-11-20T23:03:14.779583" elapsed="0.000000"/>
</return>
<msg time="2025-11-20T23:03:14.779583" level="INFO">${is_valid} = True</msg>
<var>${is_valid}</var>
<status status="PASS" start="2025-11-20T23:03:14.053952" elapsed="0.725631"/>
</kw>
<kw name="Return From Keyword If" owner="BuiltIn">
<msg time="2025-11-20T23:03:14.780581" level="INFO">Returning from the enclosing user keyword.</msg>
<arg>${is_valid}</arg>
<arg>${True}</arg>
<doc>Returns from the enclosing user keyword if ``condition`` is true.</doc>
<status status="PASS" start="2025-11-20T23:03:14.780581" elapsed="0.000000"/>
</kw>
<var name="${attempt}">poland/ekstraklasa</var>
<status status="PASS" start="2025-11-20T23:03:12.781965" elapsed="1.998616"/>
</iter>
<var>${attempt}</var>
<value>@{attempts}</value>
<status status="PASS" start="2025-11-20T23:03:12.781965" elapsed="1.998616"/>
</for>
<return>
<value>${False}</value>
<status status="NOT RUN" start="2025-11-20T23:03:14.780581" elapsed="0.000000"/>
</return>
<msg time="2025-11-20T23:03:14.780581" level="INFO">${direct_success} = True</msg>
<var>${direct_success}</var>
<arg>${leagueName}</arg>
<status status="PASS" start="2025-11-20T23:03:12.777649" elapsed="2.002932"/>
</kw>
<kw name="Return From Keyword If" owner="BuiltIn">
<msg time="2025-11-20T23:03:14.780581" level="INFO">Returning from the enclosing user keyword.</msg>
<arg>${direct_success}</arg>
<arg>${True}</arg>
<doc>Returns from the enclosing user keyword if ``condition`` is true.</doc>
<status status="PASS" start="2025-11-20T23:03:14.780581" elapsed="0.000000"/>
</kw>
<kw name="Search For League" owner="Keywords">
<var>${search_success}</var>
<arg>${leagueName}</arg>
<status status="NOT RUN" start="2025-11-20T23:03:14.781581" elapsed="0.000000"/>
</kw>
<return>
<value>${search_success}</value>
<status status="NOT RUN" start="2025-11-20T23:03:14.781581" elapsed="0.000000"/>
</return>
<msg time="2025-11-20T23:03:14.781581" level="INFO">${success} = True</msg>
<var>${success}</var>
<arg>${leagueName}</arg>
<status status="PASS" start="2025-11-20T23:03:12.777649" elapsed="2.003932"/>
</kw>
<kw name="Run Keyword If" owner="BuiltIn">
<arg>not ${success}</arg>
<arg>Fail</arg>
<arg>Could not find league: ${leagueName}</arg>
<doc>Runs the given keyword with the given arguments, if ``condition`` is true.</doc>
<status status="PASS" start="2025-11-20T23:03:14.781581" elapsed="0.000000"/>
</kw>
<kw name="Ensure Standings Tab Active" owner="Keywords">
<kw name="Get Location" owner="SeleniumLibrary">
<msg time="2025-11-20T23:03:14.786105" level="INFO">${url} = https://www.flashscore.com/football/poland/ekstraklasa/standings/#/rgKvyuf4/standings/overall/</msg>
<var>${url}</var>
<doc>Returns the current browser window URL.</doc>
<status status="PASS" start="2025-11-20T23:03:14.782581" elapsed="0.003524"/>
</kw>
<kw name="Run Keyword And Return Status" owner="BuiltIn">
<kw name="Should Not Contain" owner="BuiltIn">
<msg time="2025-11-20T23:03:14.787113" level="FAIL">'https://www.flashscore.com/football/poland/ekstraklasa/standings/#/rgKvyuf4/standings/overall/' contains 'standings'</msg>
<arg>${url}</arg>
<arg>standings</arg>
<doc>Fails if ``container`` contains ``item`` one or more times.</doc>
<status status="FAIL" start="2025-11-20T23:03:14.787113" elapsed="0.000000">'https://www.flashscore.com/football/poland/ekstraklasa/standings/#/rgKvyuf4/standings/overall/' contains 'standings'</status>
</kw>
<msg time="2025-11-20T23:03:14.787113" level="INFO">${needs_standings} = False</msg>
<var>${needs_standings}</var>
<arg>Should Not Contain</arg>
<arg>${url}</arg>
<arg>standings</arg>
<doc>Runs the given keyword with given arguments and returns the status as a Boolean value.</doc>
<status status="PASS" start="2025-11-20T23:03:14.787113" elapsed="0.000000"/>
</kw>
<if>
<branch type="IF" condition="${needs_standings}">
<kw name="Run Keyword And Return Status" owner="BuiltIn">
<var>${standings_btn}</var>
<arg>Click Element</arg>
<arg>xpath://a[contains(text(),'Standings') or contains(text(),'Tabela')]</arg>
<doc>Runs the given keyword with given arguments and returns the status as a Boolean value.</doc>
<status status="NOT RUN" start="2025-11-20T23:03:14.788111" elapsed="0.000000"/>
</kw>
<kw name="Run Keyword If" owner="BuiltIn">
<arg>not ${standings_btn}</arg>
<arg>Go To</arg>
<arg>${url}standings/</arg>
<doc>Runs the given keyword with the given arguments, if ``condition`` is true.</doc>
<status status="NOT RUN" start="2025-11-20T23:03:14.788111" elapsed="0.000000"/>
</kw>
<kw name="Wait Until Element Is Visible" owner="SeleniumLibrary">
<arg>css:.ui-table</arg>
<arg>timeout=${TIMEOUT}</arg>
<doc>Waits until the element ``locator`` is visible.</doc>
<status status="NOT RUN" start="2025-11-20T23:03:14.788111" elapsed="0.000000"/>
</kw>
<status status="NOT RUN" start="2025-11-20T23:03:14.787113" elapsed="0.000998"/>
</branch>
<status status="PASS" start="2025-11-20T23:03:14.787113" elapsed="0.000998"/>
</if>
<status status="PASS" start="2025-11-20T23:03:14.781581" elapsed="0.006530"/>
</kw>
<kw name="Parse Standings Table" owner="Keywords">
<kw name="Wait Until Page Contains Element" owner="SeleniumLibrary">
<arg>css:.ui-table</arg>
<arg>timeout=10s</arg>
<doc>Waits until the element ``locator`` appears on the current page.</doc>
<status status="PASS" start="2025-11-20T23:03:14.788111" elapsed="0.011438"/>
</kw>
<kw name="Execute Javascript" owner="SeleniumLibrary">
<msg time="2025-11-20T23:03:14.799549" level="INFO">Executing JavaScript:
window.scrollTo(0, 300)
Without any arguments.</msg>
<arg>window.scrollTo(0, 300)</arg>
<doc>Executes the given JavaScript code with possible arguments.</doc>
<status status="PASS" start="2025-11-20T23:03:14.799549" elapsed="0.004181"/>
</kw>
<kw name="Sleep" owner="BuiltIn">
<msg time="2025-11-20T23:03:15.804104" level="INFO">Slept 1 second.</msg>
<arg>1s</arg>
<doc>Pauses the test executed for the given time.</doc>
<status status="PASS" start="2025-11-20T23:03:14.803730" elapsed="1.000374"/>
</kw>
<kw name="Create List" owner="BuiltIn">
<msg time="2025-11-20T23:03:15.804610" level="INFO">@{rows_data} = [ ]</msg>
<var>@{rows_data}</var>
<doc>Returns a list containing given items.</doc>
<status status="PASS" start="2025-11-20T23:03:15.804104" elapsed="0.000506"/>
</kw>
<kw name="Create List" owner="BuiltIn">
<msg time="2025-11-20T23:03:15.804610" level="INFO">@{rows} = [ ]</msg>
<var>@{rows}</var>
<doc>Returns a list containing given items.</doc>
<status status="PASS" start="2025-11-20T23:03:15.804610" elapsed="0.000000"/>
</kw>
<kw name="Get WebElements" owner="SeleniumLibrary">
<msg time="2025-11-20T23:03:15.813772" level="INFO">@{rows} = [ &lt;selenium.webdriver.remote.webelement.WebElement (session="50dd70fad54bf2f9ab6bd7a5420f7912", element="f.3B09CD16EEB89A8AF679412D6738AE08.d.2DDD0BFDCAF63AA4FDD232627D6D5E04.e.98")&gt; | &lt;selenium.webdr...</msg>
<var>@{rows}</var>
<arg>css:.ui-table__row</arg>
<doc>Returns a list of WebElement objects matching the ``locator``.</doc>
<status status="PASS" start="2025-11-20T23:03:15.804610" elapsed="0.009162"/>
</kw>
<kw name="Get Length" owner="BuiltIn">
<msg time="2025-11-20T23:03:15.813772" level="INFO">Length is 18.</msg>
<msg time="2025-11-20T23:03:15.813772" level="INFO">${count} = 18</msg>
<var>${count}</var>
<arg>${rows}</arg>
<doc>Returns and logs the length of the given item as an integer.</doc>
<status status="PASS" start="2025-11-20T23:03:15.813772" elapsed="0.000000"/>
</kw>
<if>
<branch type="IF" condition="${count} == 0">
<kw name="Log" owner="BuiltIn">
<arg>Nie znaleziono po .ui-table__row</arg>
<arg>WARN</arg>
<doc>Logs the given message with the given level.</doc>
<status status="NOT RUN" start="2025-11-20T23:03:15.814783" elapsed="0.000000"/>
</kw>
<kw name="Get WebElements" owner="SeleniumLibrary">
<var>@{rows}</var>
<arg>xpath://div[contains(@class, 'ui-table')]//div[contains(@class, 'row')]</arg>
<doc>Returns a list of WebElement objects matching the ``locator``.</doc>
<status status="NOT RUN" start="2025-11-20T23:03:15.814783" elapsed="0.000000"/>
</kw>
<kw name="Get Length" owner="BuiltIn">
<var>${count}</var>
<arg>${rows}</arg>
<doc>Returns and logs the length of the given item as an integer.</doc>
<status status="NOT RUN" start="2025-11-20T23:03:15.814783" elapsed="0.000000"/>
</kw>
<status status="NOT RUN" start="2025-11-20T23:03:15.813772" elapsed="0.001011"/>
</branch>
<status status="PASS" start="2025-11-20T23:03:15.813772" elapsed="0.001011"/>
</if>
<if>
<branch type="IF" condition="${count} &gt; 0">
<kw name="Get Text" owner="SeleniumLibrary">
<msg time="2025-11-20T23:03:15.830416" level="INFO">${first_text} = 1.
Gornik Zabrze
15
9
2
4
26:14
12
29
?
L
W
W
D
W</msg>
<var>${first_text}</var>
<arg>${rows}[0]</arg>
<doc>Returns the text value of the element identified by ``locator``.</doc>
<status status="PASS" start="2025-11-20T23:03:15.814783" elapsed="0.015633"/>
</kw>
<kw name="Log" owner="BuiltIn">
<msg time="2025-11-20T23:03:15.831471" level="INFO">Przykładowy tekst wiersza: 1.
Gornik Zabrze
15
9
2
4
26:14
12
29
?
L
W
W
D
W</msg>
<arg>Przykładowy tekst wiersza: ${first_text}</arg>
<doc>Logs the given message with the given level.</doc>
<status status="PASS" start="2025-11-20T23:03:15.830416" elapsed="0.001055"/>
</kw>
<status status="PASS" start="2025-11-20T23:03:15.814783" elapsed="0.016688"/>
</branch>
<status status="PASS" start="2025-11-20T23:03:15.814783" elapsed="0.016688"/>
</if>
<for flavor="IN">
<iter>
<kw name="Get Text" owner="SeleniumLibrary">
<msg time="2025-11-20T23:03:15.843023" level="INFO">${text} = 1.
Gornik Zabrze
15
9
2
4
26:14
12
29
?
L
W
W
D
W</msg>
<var>${text}</var>
<arg>${row}</arg>
<doc>Returns the text value of the element identified by ``locator``.</doc>
<status status="PASS" start="2025-11-20T23:03:15.831471" elapsed="0.011552"/>
</kw>
<kw name="Parse Row Text" owner="Keywords">
<kw name="Replace String" owner="String">
<msg time="2025-11-20T23:03:15.844021" level="INFO">${clean_text} = 1. Gornik Zabrze 15 9 2 4 26:14 12 29 ? L W W D W</msg>
<var>${clean_text}</var>
<arg>${full_text}</arg>
<arg>\n</arg>
<arg>${SPACE}</arg>
<doc>Replaces ``search_for`` in the given ``string`` with ``replace_with``.</doc>
<status status="PASS" start="2025-11-20T23:03:15.844021" elapsed="0.000000"/>
</kw>
<kw name="Evaluate" owner="BuiltIn">
<msg time="2025-11-20T23:03:15.844021" level="INFO">${is_header} = False</msg>
<var>${is_header}</var>
<arg>'MP' in '''${clean_text}''' or 'Mecze' in '''${clean_text}''' or 'Team' in '''${clean_text}'''</arg>
<doc>Evaluates the given expression in Python and returns the result.</doc>
<status status="PASS" start="2025-11-20T23:03:15.844021" elapsed="0.000000"/>
</kw>
<kw name="Return From Keyword If" owner="BuiltIn">
<arg>${is_header}</arg>
<arg>${None}</arg>
<doc>Returns from the enclosing user keyword if ``condition`` is true.</doc>
<status status="PASS" start="2025-11-20T23:03:15.844021" elapsed="0.000000"/>
</kw>
<kw name="Split String" owner="String">
<msg time="2025-11-20T23:03:15.844021" level="INFO">@{parts} = [ 1. | Gornik | Zabrze | 15 | 9 | 2 | 4 | 26:14 | 12 | 29 | ? | L | W | W | D | W ]</msg>
<var>@{parts}</var>
<arg>${clean_text}</arg>
<arg>${SPACE}</arg>
<doc>Splits the ``string`` using ``separator`` as a delimiter string.</doc>
<status status="PASS" start="2025-11-20T23:03:15.844021" elapsed="0.000000"/>
</kw>
<kw name="Get Length" owner="BuiltIn">
<msg time="2025-11-20T23:03:15.844021" level="INFO">Length is 16.</msg>
<msg time="2025-11-20T23:03:15.844021" level="INFO">${count} = 16</msg>
<var>${count}</var>
<arg>${parts}</arg>
<doc>Returns and logs the length of the given item as an integer.</doc>
<status status="PASS" start="2025-11-20T23:03:15.844021" elapsed="0.000000"/>
</kw>
<kw name="Return From Keyword If" owner="BuiltIn">
<arg>${count} &lt; 4</arg>
<arg>${None}</arg>
<doc>Returns from the enclosing user keyword if ``condition`` is true.</doc>
<status status="PASS" start="2025-11-20T23:03:15.844021" elapsed="0.000000"/>
</kw>
<kw name="Set Variable" owner="BuiltIn">
<msg time="2025-11-20T23:03:15.845524" level="INFO">${points} = None</msg>
<var>${points}</var>
<arg>${None}</arg>
<doc>Returns the given values which can then be assigned to a variables.</doc>
<status status="PASS" start="2025-11-20T23:03:15.844021" elapsed="0.001503"/>
</kw>
<for flavor="IN RANGE">
<iter>
<kw name="Evaluate" owner="BuiltIn">
<msg time="2025-11-20T23:03:15.845524" level="INFO">${idx} = -1</msg>
<var>${idx}</var>
<arg>-${i}</arg>
<doc>Evaluates the given expression in Python and returns the result.</doc>
<status status="PASS" start="2025-11-20T23:03:15.845524" elapsed="0.000000"/>
</kw>
<kw name="Get From List" owner="Collections">
<msg time="2025-11-20T23:03:15.845524" level="INFO">${item} = W</msg>
<var>${item}</var>
<arg>${parts}</arg>
<arg>${idx}</arg>
<doc>Returns the value specified with an ``index`` from ``list``.</doc>
<status status="PASS" start="2025-11-20T23:03:15.845524" elapsed="0.000000"/>
</kw>
<kw name="Evaluate" owner="BuiltIn">
<msg time="2025-11-20T23:03:15.845524" level="INFO">${is_digit} = False</msg>
<var>${is_digit}</var>
<arg>'${item}'.isdigit()</arg>
<doc>Evaluates the given expression in Python and returns the result.</doc>
<status status="PASS" start="2025-11-20T23:03:15.845524" elapsed="0.000000"/>
</kw>
<if>
<branch type="IF" condition="${is_digit}">
<kw name="Set Variable" owner="BuiltIn">
<var>${points}</var>
<arg>${item}</arg>
<doc>Returns the given values which can then be assigned to a variables.</doc>
<status status="NOT RUN" start="2025-11-20T23:03:15.846529" elapsed="0.000000"/>
</kw>
<break>
<status status="NOT RUN" start="2025-11-20T23:03:15.846529" elapsed="0.000000"/>
</break>
<status status="NOT RUN" start="2025-11-20T23:03:15.845524" elapsed="0.001005"/>
</branch>
<status status="PASS" start="2025-11-20T23:03:15.845524" elapsed="0.001005"/>
</if>
<var name="${i}">1</var>
<status status="PASS" start="2025-11-20T23:03:15.845524" elapsed="0.001005"/>
</iter>
<iter>
<kw name="Evaluate" owner="BuiltIn">
<msg time="2025-11-20T23:03:15.846529" level="INFO">${idx} = -2</msg>
<var>${idx}</var>
<arg>-${i}</arg>
<doc>Evaluates the given expression in Python and returns the result.</doc>
<status status="PASS" start="2025-11-20T23:03:15.846529" elapsed="0.000000"/>
</kw>
<kw name="Get From List" owner="Collections">
<msg time="2025-11-20T23:03:15.846529" level="INFO">${item} = D</msg>
<var>${item}</var>
<arg>${parts}</arg>
<arg>${idx}</arg>
<doc>Returns the value specified with an ``index`` from ``list``.</doc>
<status status="PASS" start="2025-11-20T23:03:15.846529" elapsed="0.000000"/>
</kw>
<kw name="Evaluate" owner="BuiltIn">
<msg time="2025-11-20T23:03:15.846529" level="INFO">${is_digit} = False</msg>
<var>${is_digit}</var>
<arg>'${item}'.isdigit()</arg>
<doc>Evaluates the given expression in Python and returns the result.</doc>
<status status="PASS" start="2025-11-20T23:03:15.846529" elapsed="0.001002"/>
</kw>
<if>
<branch type="IF" condition="${is_digit}">
<kw name="Set Variable" owner="BuiltIn">
<var>${points}</var>
<arg>${item}</arg>
<doc>Returns the given values which can then be assigned to a variables.</doc>
<status status="NOT RUN" start="2025-11-20T23:03:15.847531" elapsed="0.000000"/>
</kw>
<break>
<status status="NOT RUN" start="2025-11-20T23:03:15.847531" elapsed="0.000000"/>
</break>
<status status="NOT RUN" start="2025-11-20T23:03:15.847531" elapsed="0.000000"/>
</branch>
<status status="PASS" start="2025-11-20T23:03:15.847531" elapsed="0.000000"/>
</if>
<var name="${i}">2</var>
<status status="PASS" start="2025-11-20T23:03:15.846529" elapsed="0.001002"/>
</iter>
<iter>
<kw name="Evaluate" owner="BuiltIn">
<msg time="2025-11-20T23:03:15.847531" level="INFO">${idx} = -3</msg>
<var>${idx}</var>
<arg>-${i}</arg>
<doc>Evaluates the given expression in Python and returns the result.</doc>
<status status="PASS" start="2025-11-20T23:03:15.847531" elapsed="0.000000"/>
</kw>
<kw name="Get From List" owner="Collections">
<msg time="2025-11-20T23:03:15.847531" level="INFO">${item} = W</msg>
<var>${item}</var>
<arg>${parts}</arg>
<arg>${idx}</arg>
<doc>Returns the value specified with an ``index`` from ``list``.</doc>
<status status="PASS" start="2025-11-20T23:03:15.847531" elapsed="0.000000"/>
</kw>
<kw name="Evaluate" owner="BuiltIn">
<msg time="2025-11-20T23:03:15.848533" level="INFO">${is_digit} = False</msg>
<var>${is_digit}</var>
<arg>'${item}'.isdigit()</arg>
<doc>Evaluates the given expression in Python and returns the result.</doc>
<status status="PASS" start="2025-11-20T23:03:15.847531" elapsed="0.001002"/>
</kw>
<if>
<branch type="IF" condition="${is_digit}">
<kw name="Set Variable" owner="BuiltIn">
<var>${points}</var>
<arg>${item}</arg>
<doc>Returns the given values which can then be assigned to a variables.</doc>
<status status="NOT RUN" start="2025-11-20T23:03:15.848533" elapsed="0.000000"/>
</kw>
<break>
<status status="NOT RUN" start="2025-11-20T23:03:15.848533" elapsed="0.000000"/>
</break>
<status status="NOT RUN" start="2025-11-20T23:03:15.848533" elapsed="0.000000"/>
</branch>
<status status="PASS" start="2025-11-20T23:03:15.848533" elapsed="0.000000"/>
</if>
<var name="${i}">3</var>
<status status="PASS" start="2025-11-20T23:03:15.847531" elapsed="0.001002"/>
</iter>
<iter>
<kw name="Evaluate" owner="BuiltIn">
<msg time="2025-11-20T23:03:15.848533" level="INFO">${idx} = -4</msg>
<var>${idx}</var>
<arg>-${i}</arg>
<doc>Evaluates the given expression in Python and returns the result.</doc>
<status status="PASS" start="2025-11-20T23:03:15.848533" elapsed="0.000000"/>
</kw>
<kw name="Get From List" owner="Collections">
<msg time="2025-11-20T23:03:15.848533" level="INFO">${item} = W</msg>
<var>${item}</var>
<arg>${parts}</arg>
<arg>${idx}</arg>
<doc>Returns the value specified with an ``index`` from ``list``.</doc>
<status status="PASS" start="2025-11-20T23:03:15.848533" elapsed="0.000000"/>
</kw>
<kw name="Evaluate" owner="BuiltIn">
<msg time="2025-11-20T23:03:15.849529" level="INFO">${is_digit} = False</msg>
<var>${is_digit}</var>
<arg>'${item}'.isdigit()</arg>
<doc>Evaluates the given expression in Python and returns the result.</doc>
<status status="PASS" start="2025-11-20T23:03:15.849529" elapsed="0.000000"/>
</kw>
<if>
<branch type="IF" condition="${is_digit}">
<kw name="Set Variable" owner="BuiltIn">
<var>${points}</var>
<arg>${item}</arg>
<doc>Returns the given values which can then be assigned to a variables.</doc>
<status status="NOT RUN" start="2025-11-20T23:03:15.849529" elapsed="0.000000"/>
</kw>
<break>
<status status="NOT RUN" start="2025-11-20T23:03:15.849529" elapsed="0.000000"/>
</break>
<status status="NOT RUN" start="2025-11-20T23:03:15.849529" elapsed="0.000000"/>
</branch>
<status status="PASS" start="2025-11-20T23:03:15.849529" elapsed="0.000000"/>
</if>
<var name="${i}">4</var>
<status status="PASS" start="2025-11-20T23:03:15.848533" elapsed="0.000996"/>
</iter>
<iter>
<kw name="Evaluate" owner="BuiltIn">
<msg time="2025-11-20T23:03:15.850531" level="INFO">${idx} = -5</msg>
<var>${idx}</var>
<arg>-${i}</arg>
<doc>Evaluates the given expression in Python and returns the result.</doc>
<status status="PASS" start="2025-11-20T23:03:15.849529" elapsed="0.001002"/>
</kw>
<kw name="Get From List" owner="Collections">
<msg time="2025-11-20T23:03:15.850531" level="INFO">${item} = L</msg>
<var>${item}</var>
<arg>${parts}</arg>
<arg>${idx}</arg>
<doc>Returns the value specified with an ``index`` from ``list``.</doc>
<status status="PASS" start="2025-11-20T23:03:15.850531" elapsed="0.000000"/>
</kw>
<kw name="Evaluate" owner="BuiltIn">
<msg time="2025-11-20T23:03:15.850531" level="INFO">${is_digit} = False</msg>
<var>${is_digit}</var>
<arg>'${item}'.isdigit()</arg>
<doc>Evaluates the given expression in Python and returns the result.</doc>
<status status="PASS" start="2025-11-20T23:03:15.850531" elapsed="0.000000"/>
</kw>
<if>
<branch type="IF" condition="${is_digit}">
<kw name="Set Variable" owner="BuiltIn">
<var>${points}</var>
<arg>${item}</arg>
<doc>Returns the given values which can then be assigned to a variables.</doc>
<status status="NOT RUN" start="2025-11-20T23:03:15.851742" elapsed="0.000000"/>
</kw>
<break>
<status status="NOT RUN" start="2025-11-20T23:03:15.851742" elapsed="0.000000"/>
</break>
<status status="NOT RUN" start="2025-11-20T23:03:15.850531" elapsed="0.001211"/>
</branch>
<status status="PASS" start="2025-11-20T23:03:15.850531" elapsed="0.001211"/>
</if>
<var name="${i}">5</var>
<status status="PASS" start="2025-11-20T23:03:15.849529" elapsed="0.002213"/>
</iter>
<iter>
<kw name="Evaluate" owner="BuiltIn">
<msg time="2025-11-20T23:03:15.852744" level="INFO">${idx} = -6</msg>
<var>${idx}</var>
<arg>-${i}</arg>
<doc>Evaluates the given expression in Python and returns the result.</doc>
<status status="PASS" start="2025-11-20T23:03:15.851742" elapsed="0.001002"/>
</kw>
<kw name="Get From List" owner="Collections">
<msg time="2025-11-20T23:03:15.852744" level="INFO">${item} = ?</msg>
<var>${item}</var>
<arg>${parts}</arg>
<arg>${idx}</arg>
<doc>Returns the value specified with an ``index`` from ``list``.</doc>
<status status="PASS" start="2025-11-20T23:03:15.852744" elapsed="0.000000"/>
</kw>
<kw name="Evaluate" owner="BuiltIn">
<msg time="2025-11-20T23:03:15.852744" level="INFO">${is_digit} = False</msg>
<var>${is_digit}</var>
<arg>'${item}'.isdigit()</arg>
<doc>Evaluates the given expression in Python and returns the result.</doc>
<status status="PASS" start="2025-11-20T23:03:15.852744" elapsed="0.000000"/>
</kw>
<if>
<branch type="IF" condition="${is_digit}">
<kw name="Set Variable" owner="BuiltIn">
<var>${points}</var>
<arg>${item}</arg>
<doc>Returns the given values which can then be assigned to a variables.</doc>
<status status="NOT RUN" start="2025-11-20T23:03:15.852744" elapsed="0.000000"/>
</kw>
<break>
<status status="NOT RUN" start="2025-11-20T23:03:15.852744" elapsed="0.000000"/>
</break>
<status status="NOT RUN" start="2025-11-20T23:03:15.852744" elapsed="0.000000"/>
</branch>
<status status="PASS" start="2025-11-20T23:03:15.852744" elapsed="0.000000"/>
</if>
<var name="${i}">6</var>
<status status="PASS" start="2025-11-20T23:03:15.851742" elapsed="0.001002"/>
</iter>
<iter>
<kw name="Evaluate" owner="BuiltIn">
<msg time="2025-11-20T23:03:15.853938" level="INFO">${idx} = -7</msg>
<var>${idx}</var>
<arg>-${i}</arg>
<doc>Evaluates the given expression in Python and returns the result.</doc>
<status status="PASS" start="2025-11-20T23:03:15.852744" elapsed="0.001194"/>
</kw>
<kw name="Get From List" owner="Collections">
<msg time="2025-11-20T23:03:15.853938" level="INFO">${item} = 29</msg>
<var>${item}</var>
<arg>${parts}</arg>
<arg>${idx}</arg>
<doc>Returns the value specified with an ``index`` from ``list``.</doc>
<status status="PASS" start="2025-11-20T23:03:15.853938" elapsed="0.000000"/>
</kw>
<kw name="Evaluate" owner="BuiltIn">
<msg time="2025-11-20T23:03:15.853938" level="INFO">${is_digit} = True</msg>
<var>${is_digit}</var>
<arg>'${item}'.isdigit()</arg>
<doc>Evaluates the given expression in Python and returns the result.</doc>
<status status="PASS" start="2025-11-20T23:03:15.853938" elapsed="0.000000"/>
</kw>
<if>
<branch type="IF" condition="${is_digit}">
<kw name="Set Variable" owner="BuiltIn">
<msg time="2025-11-20T23:03:15.853938" level="INFO">${points} = 29</msg>
<var>${points}</var>
<arg>${item}</arg>
<doc>Returns the given values which can then be assigned to a variables.</doc>
<status status="PASS" start="2025-11-20T23:03:15.853938" elapsed="0.000000"/>
</kw>
<break>
<status status="PASS" start="2025-11-20T23:03:15.853938" elapsed="0.000000"/>
</break>
<status status="PASS" start="2025-11-20T23:03:15.853938" elapsed="0.000000"/>
</branch>
<status status="PASS" start="2025-11-20T23:03:15.853938" elapsed="0.000000"/>
</if>
<var name="${i}">7</var>
<status status="PASS" start="2025-11-20T23:03:15.852744" elapsed="0.001194"/>
</iter>
<var>${i}</var>
<value>1</value>
<value>${count}</value>
<status status="PASS" start="2025-11-20T23:03:15.845524" elapsed="0.008414"/>
</for>
<kw name="Return From Keyword If" owner="BuiltIn">
<arg>'${points}' == '${None}'</arg>
<arg>${None}</arg>
<doc>Returns from the enclosing user keyword if ``condition`` is true.</doc>
<status status="PASS" start="2025-11-20T23:03:15.854938" elapsed="0.000000"/>
</kw>
<kw name="Set Variable" owner="BuiltIn">
<msg time="2025-11-20T23:03:15.854938" level="INFO">${games} = None</msg>
<var>${games}</var>
<arg>${None}</arg>
<doc>Returns the given values which can then be assigned to a variables.</doc>
<status status="PASS" start="2025-11-20T23:03:15.854938" elapsed="0.000000"/>
</kw>
<kw name="Set Variable" owner="BuiltIn">
<msg time="2025-11-20T23:03:15.855441" level="INFO">${team_end_index} = 1</msg>
<var>${team_end_index}</var>
<arg>1</arg>
<doc>Returns the given values which can then be assigned to a variables.</doc>
<status status="PASS" start="2025-11-20T23:03:15.854938" elapsed="0.000503"/>
</kw>
<for flavor="IN RANGE">
<iter>
<kw name="Get From List" owner="Collections">
<msg time="2025-11-20T23:03:15.855441" level="INFO">${item} = Gornik</msg>
<var>${item}</var>
<arg>${parts}</arg>
<arg>${index}</arg>
<doc>Returns the value specified with an ``index`` from ``list``.</doc>
<status status="PASS" start="2025-11-20T23:03:15.855441" elapsed="0.000000"/>
</kw>
<kw name="Evaluate" owner="BuiltIn">
<msg time="2025-11-20T23:03:15.855441" level="INFO">${is_digit} = False</msg>
<var>${is_digit}</var>
<arg>'${item}'.isdigit()</arg>
<doc>Evaluates the given expression in Python and returns the result.</doc>
<status status="PASS" start="2025-11-20T23:03:15.855441" elapsed="0.000000"/>
</kw>
<kw name="Evaluate" owner="BuiltIn">
<msg time="2025-11-20T23:03:15.855441" level="INFO">${is_games} = False</msg>
<var>${is_games}</var>
<arg>${is_digit} and 0 &lt;= int('${item}') &lt;= 50</arg>
<doc>Evaluates the given expression in Python and returns the result.</doc>
<status status="PASS" start="2025-11-20T23:03:15.855441" elapsed="0.000000"/>
</kw>
<if>
<branch type="IF" condition="${is_games}">
<kw name="Set Variable" owner="BuiltIn">
<var>${games}</var>
<arg>${item}</arg>
<doc>Returns the given values which can then be assigned to a variables.</doc>
<status status="NOT RUN" start="2025-11-20T23:03:15.856539" elapsed="0.000000"/>
</kw>
<kw name="Set Variable" owner="BuiltIn">
<var>${team_end_index}</var>
<arg>${index}</arg>
<doc>Returns the given values which can then be assigned to a variables.</doc>
<status status="NOT RUN" start="2025-11-20T23:03:15.856539" elapsed="0.000000"/>
</kw>
<break>
<status status="NOT RUN" start="2025-11-20T23:03:15.856539" elapsed="0.000000"/>
</break>
<status status="NOT RUN" start="2025-11-20T23:03:15.855441" elapsed="0.001098"/>
</branch>
<status status="PASS" start="2025-11-20T23:03:15.855441" elapsed="0.001098"/>
</if>
<var name="${index}">1</var>
<status status="PASS" start="2025-11-20T23:03:15.855441" elapsed="0.001098"/>
</iter>
<iter>
<kw name="Get From List" owner="Collections">
<msg time="2025-11-20T23:03:15.856539" level="INFO">${item} = Zabrze</msg>
<var>${item}</var>
<arg>${parts}</arg>
<arg>${index}</arg>
<doc>Returns the value specified with an ``index`` from ``list``.</doc>
<status status="PASS" start="2025-11-20T23:03:15.856539" elapsed="0.000000"/>
</kw>
<kw name="Evaluate" owner="BuiltIn">
<msg time="2025-11-20T23:03:15.856539" level="INFO">${is_digit} = False</msg>
<var>${is_digit}</var>
<arg>'${item}'.isdigit()</arg>
<doc>Evaluates the given expression in Python and returns the result.</doc>
<status status="PASS" start="2025-11-20T23:03:15.856539" elapsed="0.000000"/>
</kw>
<kw name="Evaluate" owner="BuiltIn">
<msg time="2025-11-20T23:03:15.857548" level="INFO">${is_games} = False</msg>
<var>${is_games}</var>
<arg>${is_digit} and 0 &lt;= int('${item}') &lt;= 50</arg>
<doc>Evaluates the given expression in Python and returns the result.</doc>
<status status="PASS" start="2025-11-20T23:03:15.856539" elapsed="0.001009"/>
</kw>
<if>
<branch type="IF" condition="${is_games}">
<kw name="Set Variable" owner="BuiltIn">
<var>${games}</var>
<arg>${item}</arg>
<doc>Returns the given values which can then be assigned to a variables.</doc>
<status status="NOT RUN" start="2025-11-20T23:03:15.857548" elapsed="0.000000"/>
</kw>
<kw name="Set Variable" owner="BuiltIn">
<var>${team_end_index}</var>
<arg>${index}</arg>
<doc>Returns the given values which can then be assigned to a variables.</doc>
<status status="NOT RUN" start="2025-11-20T23:03:15.857548" elapsed="0.000000"/>
</kw>
<break>
<status status="NOT RUN" start="2025-11-20T23:03:15.857548" elapsed="0.000000"/>
</break>
<status status="NOT RUN" start="2025-11-20T23:03:15.857548" elapsed="0.000000"/>
</branch>
<status status="PASS" start="2025-11-20T23:03:15.857548" elapsed="0.000000"/>
</if>
<var name="${index}">2</var>
<status status="PASS" start="2025-11-20T23:03:15.856539" elapsed="0.001009"/>
</iter>
<iter>
<kw name="Get From List" owner="Collections">
<msg time="2025-11-20T23:03:15.857548" level="INFO">${item} = 15</msg>
<var>${item}</var>
<arg>${parts}</arg>
<arg>${index}</arg>
<doc>Returns the value specified with an ``index`` from ``list``.</doc>
<status status="PASS" start="2025-11-20T23:03:15.857548" elapsed="0.000000"/>
</kw>
<kw name="Evaluate" owner="BuiltIn">
<msg time="2025-11-20T23:03:15.857548" level="INFO">${is_digit} = True</msg>
<var>${is_digit}</var>
<arg>'${item}'.isdigit()</arg>
<doc>Evaluates the given expression in Python and returns the result.</doc>
<status status="PASS" start="2025-11-20T23:03:15.857548" elapsed="0.000000"/>
</kw>
<kw name="Evaluate" owner="BuiltIn">
<msg time="2025-11-20T23:03:15.858553" level="INFO">${is_games} = True</msg>
<var>${is_games}</var>
<arg>${is_digit} and 0 &lt;= int('${item}') &lt;= 50</arg>
<doc>Evaluates the given expression in Python and returns the result.</doc>
<status status="PASS" start="2025-11-20T23:03:15.858553" elapsed="0.000000"/>
</kw>
<if>
<branch type="IF" condition="${is_games}">
<kw name="Set Variable" owner="BuiltIn">
<msg time="2025-11-20T23:03:15.858553" level="INFO">${games} = 15</msg>
<var>${games}</var>
<arg>${item}</arg>
<doc>Returns the given values which can then be assigned to a variables.</doc>
<status status="PASS" start="2025-11-20T23:03:15.858553" elapsed="0.000000"/>
</kw>
<kw name="Set Variable" owner="BuiltIn">
<msg time="2025-11-20T23:03:15.858553" level="INFO">${team_end_index} = 3</msg>
<var>${team_end_index}</var>
<arg>${index}</arg>
<doc>Returns the given values which can then be assigned to a variables.</doc>
<status status="PASS" start="2025-11-20T23:03:15.858553" elapsed="0.000000"/>
</kw>
<break>
<status status="PASS" start="2025-11-20T23:03:15.858553" elapsed="0.000000"/>
</break>
<status status="PASS" start="2025-11-20T23:03:15.858553" elapsed="0.000000"/>
</branch>
<status status="PASS" start="2025-11-20T23:03:15.858553" elapsed="0.000000"/>
</if>
<var name="${index}">3</var>
<status status="PASS" start="2025-11-20T23:03:15.857548" elapsed="0.001005"/>
</iter>
<var>${index}</var>
<value>1</value>
<value>${count}-1</value>
<status status="PASS" start="2025-11-20T23:03:15.855441" elapsed="0.004109"/>
</for>
<kw name="Return From Keyword If" owner="BuiltIn">
<arg>'${games}' == '${None}'</arg>
<arg>${None}</arg>
<doc>Returns from the enclosing user keyword if ``condition`` is true.</doc>
<status status="PASS" start="2025-11-20T23:03:15.859550" elapsed="0.000000"/>
</kw>
<kw name="Get From List" owner="Collections">
<msg time="2025-11-20T23:03:15.859550" level="INFO">${first_part} = 1.</msg>
<var>${first_part}</var>
<arg>${parts}</arg>
<arg>0</arg>
<doc>Returns the value specified with an ``index`` from ``list``.</doc>
<status status="PASS" start="2025-11-20T23:03:15.859550" elapsed="0.000000"/>
</kw>
<kw name="Evaluate" owner="BuiltIn">
<msg time="2025-11-20T23:03:15.859550" level="INFO">${is_position} = True</msg>
<var>${is_position}</var>
<arg>'.' in '${first_part}'</arg>
<doc>Evaluates the given expression in Python and returns the result.</doc>
<status status="PASS" start="2025-11-20T23:03:15.859550" elapsed="0.000000"/>
</kw>
<kw name="Set Variable If" owner="BuiltIn">
<msg time="2025-11-20T23:03:15.859550" level="INFO">${start_index} = 1</msg>
<var>${start_index}</var>
<arg>${is_position}</arg>
<arg>1</arg>
<arg>0</arg>
<doc>Sets variable based on the given condition.</doc>
<status status="PASS" start="2025-11-20T23:03:15.859550" elapsed="0.000000"/>
</kw>
<kw name="Get Slice From List" owner="Collections">
<msg time="2025-11-20T23:03:15.860547" level="INFO">${team_parts} = ['Gornik', 'Zabrze']</msg>
<var>${team_parts}</var>
<arg>${parts}</arg>
<arg>${start_index}</arg>
<arg>${team_end_index}</arg>
<doc>Returns a slice of the given list between ``start`` and ``end`` indexes.</doc>
<status status="PASS" start="2025-11-20T23:03:15.859550" elapsed="0.000997"/>
</kw>
<kw name="Evaluate" owner="BuiltIn">
<msg time="2025-11-20T23:03:15.860547" level="INFO">${team_name} = Gornik Zabrze</msg>
<var>${team_name}</var>
<arg>" ".join($team_parts)</arg>
<doc>Evaluates the given expression in Python and returns the result.</doc>
<status status="PASS" start="2025-11-20T23:03:15.860547" elapsed="0.000000"/>
</kw>
<kw name="Return From Keyword If" owner="BuiltIn">
<arg>'${team_name}' == '${EMPTY}'</arg>
<arg>${None}</arg>
<doc>Returns from the enclosing user keyword if ``condition`` is true.</doc>
<status status="PASS" start="2025-11-20T23:03:15.860547" elapsed="0.000000"/>
</kw>
<kw name="Create Dictionary" owner="BuiltIn">
<msg time="2025-11-20T23:03:15.861671" level="INFO">${result} = {'Club': 'Gornik Zabrze', 'Games': '15', 'Points': '29'}</msg>
<var>${result}</var>
<arg>Club=${team_name}</arg>
<arg>Games=${games}</arg>
<arg>Points=${points}</arg>
<doc>Creates and returns a dictionary based on the given ``items``.</doc>
<status status="PASS" start="2025-11-20T23:03:15.861671" elapsed="0.000000"/>
</kw>
<return>
<value>${result}</value>
<status status="PASS" start="2025-11-20T23:03:15.861671" elapsed="0.000000"/>
</return>
<msg time="2025-11-20T23:03:15.861671" level="INFO">${row_dict} = {'Club': 'Gornik Zabrze', 'Games': '15', 'Points': '29'}</msg>
<var>${row_dict}</var>
<arg>${text}</arg>
<status status="PASS" start="2025-11-20T23:03:15.843023" elapsed="0.018648"/>
</kw>
<kw name="Run Keyword If" owner="BuiltIn">
<kw name="Append To List" owner="Collections">
<arg>${rows_data}</arg>
<arg>${row_dict}</arg>
<doc>Adds ``values`` to the end of ``list``.</doc>
<status status="PASS" start="2025-11-20T23:03:15.861671" elapsed="0.000000"/>
</kw>
<arg>$row_dict is not None</arg>
<arg>Append To List</arg>
<arg>${rows_data}</arg>
<arg>${row_dict}</arg>
<doc>Runs the given keyword with the given arguments, if ``condition`` is true.</doc>
<status status="PASS" start="2025-11-20T23:03:15.861671" elapsed="0.000000"/>
</kw>
<var name="${row}">&lt;selenium.webdriver.remote.webelement.WebElement (session="50dd70fad54bf2f9ab6bd7a5420f7912", element="f.3B09CD16EEB89A8AF679412D6738AE08.d.2DDD0BFDCAF63AA4FDD232627D6D5E04.e.98")&gt;</var>
<status status="PASS" start="2025-11-20T23:03:15.831471" elapsed="0.030200"/>
</iter>
<iter>
<kw name="Get Text" owner="SeleniumLibrary">
<msg time="2025-11-20T23:03:15.874899" level="INFO">${text} = 2.
Jagiellonia
14
8
3
3
27:18
9
27
?
W
L
L
W
W</msg>
<var>${text}</var>
<arg>${row}</arg>
<doc>Returns the text value of the element identified by ``locator``.</doc>
<status status="PASS" start="2025-11-20T23:03:15.861671" elapsed="0.013228"/>
</kw>
<kw name="Parse Row Text" owner="Keywords">
<kw name="Replace String" owner="String">
<msg time="2025-11-20T23:03:15.875402" level="INFO">${clean_text} = 2. Jagiellonia 14 8 3 3 27:18 9 27 ? W L L W W</msg>
<var>${clean_text}</var>
<arg>${full_text}</arg>
<arg>\n</arg>
<arg>${SPACE}</arg>
<doc>Replaces ``search_for`` in the given ``string`` with ``replace_with``.</doc>
<status status="PASS" start="2025-11-20T23:03:15.875402" elapsed="0.000000"/>
</kw>
<kw name="Evaluate" owner="BuiltIn">
<msg time="2025-11-20T23:03:15.876406" level="INFO">${is_header} = False</msg>
<var>${is_header}</var>
<arg>'MP' in '''${clean_text}''' or 'Mecze' in '''${clean_text}''' or 'Team' in '''${clean_text}'''</arg>
<doc>Evaluates the given expression in Python and returns the result.</doc>
<status status="PASS" start="2025-11-20T23:03:15.875402" elapsed="0.001004"/>
</kw>
<kw name="Return From Keyword If" owner="BuiltIn">
<arg>${is_header}</arg>
<arg>${None}</arg>
<doc>Returns from the enclosing user keyword if ``condition`` is true.</doc>
<status status="PASS" start="2025-11-20T23:03:15.876406" elapsed="0.000000"/>
</kw>
<kw name="Split String" owner="String">
<msg time="2025-11-20T23:03:15.876406" level="INFO">@{parts} = [ 2. | Jagiellonia | 14 | 8 | 3 | 3 | 27:18 | 9 | 27 | ? | W | L | L | W | W ]</msg>
<var>@{parts}</var>
<arg>${clean_text}</arg>
<arg>${SPACE}</arg>
<doc>Splits the ``string`` using ``separator`` as a delimiter string.</doc>
<status status="PASS" start="2025-11-20T23:03:15.876406" elapsed="0.000000"/>
</kw>
<kw name="Get Length" owner="BuiltIn">
<msg time="2025-11-20T23:03:15.876406" level="INFO">Length is 15.</msg>
<msg time="2025-11-20T23:03:15.876406" level="INFO">${count} = 15</msg>
<var>${count}</var>
<arg>${parts}</arg>
<doc>Returns and logs the length of the given item as an integer.</doc>
<status status="PASS" start="2025-11-20T23:03:15.876406" elapsed="0.000000"/>
</kw>
<kw name="Return From Keyword If" owner="BuiltIn">
<arg>${count} &lt; 4</arg>
<arg>${None}</arg>
<doc>Returns from the enclosing user keyword if ``condition`` is true.</doc>
<status status="PASS" start="2025-11-20T23:03:15.876406" elapsed="0.000000"/>
</kw>
<kw name="Set Variable" owner="BuiltIn">
<msg time="2025-11-20T23:03:15.877410" level="INFO">${points} = None</msg>
<var>${points}</var>
<arg>${None}</arg>
<doc>Returns the given values which can then be assigned to a variables.</doc>
<status status="PASS" start="2025-11-20T23:03:15.877410" elapsed="0.000000"/>
</kw>
<for flavor="IN RANGE">
<iter>
<kw name="Evaluate" owner="BuiltIn">
<msg time="2025-11-20T23:03:15.877410" level="INFO">${idx} = -1</msg>
<var>${idx}</var>
<arg>-${i}</arg>
<doc>Evaluates the given expression in Python and returns the result.</doc>
<status status="PASS" start="2025-11-20T23:03:15.877410" elapsed="0.000000"/>
</kw>
<kw name="Get From List" owner="Collections">
<msg time="2025-11-20T23:03:15.877410" level="INFO">${item} = W</msg>
<var>${item}</var>
<arg>${parts}</arg>
<arg>${idx}</arg>
<doc>Returns the value specified with an ``index`` from ``list``.</doc>
<status status="PASS" start="2025-11-20T23:03:15.877410" elapsed="0.000000"/>
</kw>
<kw name="Evaluate" owner="BuiltIn">
<msg time="2025-11-20T23:03:15.878413" level="INFO">${is_digit} = False</msg>
<var>${is_digit}</var>
<arg>'${item}'.isdigit()</arg>
<doc>Evaluates the given expression in Python and returns the result.</doc>
<status status="PASS" start="2025-11-20T23:03:15.877410" elapsed="0.001003"/>
</kw>
<if>
<branch type="IF" condition="${is_digit}">
<kw name="Set Variable" owner="BuiltIn">
<var>${points}</var>
<arg>${item}</arg>
<doc>Returns the given values which can then be assigned to a variables.</doc>
<status status="NOT RUN" start="2025-11-20T23:03:15.878413" elapsed="0.000000"/>
</kw>
<break>
<status status="NOT RUN" start="2025-11-20T23:03:15.878413" elapsed="0.000000"/>
</break>
<status status="NOT RUN" start="2025-11-20T23:03:15.878413" elapsed="0.000000"/>
</branch>
<status status="PASS" start="2025-11-20T23:03:15.878413" elapsed="0.000000"/>
</if>
<var name="${i}">1</var>
<status status="PASS" start="2025-11-20T23:03:15.877410" elapsed="0.001003"/>
</iter>
<iter>
<kw name="Evaluate" owner="BuiltIn">
<msg time="2025-11-20T23:03:15.878413" level="INFO">${idx} = -2</msg>
<var>${idx}</var>
<arg>-${i}</arg>
<doc>Evaluates the given expression in Python and returns the result.</doc>
<status status="PASS" start="2025-11-20T23:03:15.878413" elapsed="0.000000"/>
</kw>
<kw name="Get From List" owner="Collections">
<msg time="2025-11-20T23:03:15.878413" level="INFO">${item} = W</msg>
<var>${item}</var>
<arg>${parts}</arg>
<arg>${idx}</arg>
<doc>Returns the value specified with an ``index`` from ``list``.</doc>
<status status="PASS" start="2025-11-20T23:03:15.878413" elapsed="0.000995"/>
</kw>
<kw name="Evaluate" owner="BuiltIn">
<msg time="2025-11-20T23:03:15.879408" level="INFO">${is_digit} = False</msg>
<var>${is_digit}</var>
<arg>'${item}'.isdigit()</arg>
<doc>Evaluates the given expression in Python and returns the result.</doc>
<status status="PASS" start="2025-11-20T23:03:15.879408" elapsed="0.000000"/>
</kw>
<if>
<branch type="IF" condition="${is_digit}">
<kw name="Set Variable" owner="BuiltIn">
<var>${points}</var>
<arg>${item}</arg>
<doc>Returns the given values which can then be assigned to a variables.</doc>
<status status="NOT RUN" start="2025-11-20T23:03:15.879408" elapsed="0.000000"/>
</kw>
<break>
<status status="NOT RUN" start="2025-11-20T23:03:15.879408" elapsed="0.000000"/>
</break>
<status status="NOT RUN" start="2025-11-20T23:03:15.879408" elapsed="0.000000"/>
</branch>
<status status="PASS" start="2025-11-20T23:03:15.879408" elapsed="0.000000"/>
</if>
<var name="${i}">2</var>
<status status="PASS" start="2025-11-20T23:03:15.878413" elapsed="0.000995"/>
</iter>
<iter>
<kw name="Evaluate" owner="BuiltIn">
<msg time="2025-11-20T23:03:15.880406" level="INFO">${idx} = -3</msg>
<var>${idx}</var>
<arg>-${i}</arg>
<doc>Evaluates the given expression in Python and returns the result.</doc>
<status status="PASS" start="2025-11-20T23:03:15.879408" elapsed="0.000998"/>
</kw>
<kw name="Get From List" owner="Collections">
<msg time="2025-11-20T23:03:15.880406" level="INFO">${item} = L</msg>
<var>${item}</var>
<arg>${parts}</arg>
<arg>${idx}</arg>
<doc>Returns the value specified with an ``index`` from ``list``.</doc>
<status status="PASS" start="2025-11-20T23:03:15.880406" elapsed="0.000000"/>
</kw>
<kw name="Evaluate" owner="BuiltIn">
<msg time="2025-11-20T23:03:15.880406" level="INFO">${is_digit} = False</msg>
<var>${is_digit}</var>
<arg>'${item}'.isdigit()</arg>
<doc>Evaluates the given expression in Python and returns the result.</doc>
<status status="PASS" start="2025-11-20T23:03:15.880406" elapsed="0.000000"/>
</kw>
<if>
<branch type="IF" condition="${is_digit}">
<kw name="Set Variable" owner="BuiltIn">
<var>${points}</var>
<arg>${item}</arg>
<doc>Returns the given values which can then be assigned to a variables.</doc>
<status status="NOT RUN" start="2025-11-20T23:03:15.880406" elapsed="0.000000"/>
</kw>
<break>
<status status="NOT RUN" start="2025-11-20T23:03:15.880406" elapsed="0.000000"/>
</break>
<status status="NOT RUN" start="2025-11-20T23:03:15.880406" elapsed="0.000000"/>
</branch>
<status status="PASS" start="2025-11-20T23:03:15.880406" elapsed="0.001002"/>
</if>
<var name="${i}">3</var>
<status status="PASS" start="2025-11-20T23:03:15.879408" elapsed="0.002000"/>
</iter>
<iter>
<kw name="Evaluate" owner="BuiltIn">
<msg time="2025-11-20T23:03:15.881408" level="INFO">${idx} = -4</msg>
<var>${idx}</var>
<arg>-${i}</arg>
<doc>Evaluates the given expression in Python and returns the result.</doc>
<status status="PASS" start="2025-11-20T23:03:15.881408" elapsed="0.000000"/>
</kw>
<kw name="Get From List" owner="Collections">
<msg time="2025-11-20T23:03:15.881408" level="INFO">${item} = L</msg>
<var>${item}</var>
<arg>${parts}</arg>
<arg>${idx}</arg>
<doc>Returns the value specified with an ``index`` from ``list``.</doc>
<status status="PASS" start="2025-11-20T23:03:15.881408" elapsed="0.000000"/>
</kw>
<kw name="Evaluate" owner="BuiltIn">
<msg time="2025-11-20T23:03:15.881408" level="INFO">${is_digit} = False</msg>
<var>${is_digit}</var>
<arg>'${item}'.isdigit()</arg>
<doc>Evaluates the given expression in Python and returns the result.</doc>
<status status="PASS" start="2025-11-20T23:03:15.881408" elapsed="0.000000"/>
</kw>
<if>
<branch type="IF" condition="${is_digit}">
<kw name="Set Variable" owner="BuiltIn">
<var>${points}</var>
<arg>${item}</arg>
<doc>Returns the given values which can then be assigned to a variables.</doc>
<status status="NOT RUN" start="2025-11-20T23:03:15.881408" elapsed="0.000000"/>
</kw>
<break>
<status status="NOT RUN" start="2025-11-20T23:03:15.881408" elapsed="0.000000"/>
</break>
<status status="NOT RUN" start="2025-11-20T23:03:15.881408" elapsed="0.000000"/>
</branch>
<status status="PASS" start="2025-11-20T23:03:15.881408" elapsed="0.000000"/>
</if>
<var name="${i}">4</var>
<status status="PASS" start="2025-11-20T23:03:15.881408" elapsed="0.000999"/>
</iter>
<iter>
<kw name="Evaluate" owner="BuiltIn">
<msg time="2025-11-20T23:03:15.882407" level="INFO">${idx} = -5</msg>
<var>${idx}</var>
<arg>-${i}</arg>
<doc>Evaluates the given expression in Python and returns the result.</doc>
<status status="PASS" start="2025-11-20T23:03:15.882407" elapsed="0.000000"/>
</kw>
<kw name="Get From List" owner="Collections">
<msg time="2025-11-20T23:03:15.882407" level="INFO">${item} = W</msg>
<var>${item}</var>
<arg>${parts}</arg>
<arg>${idx}</arg>
<doc>Returns the value specified with an ``index`` from ``list``.</doc>
<status status="PASS" start="2025-11-20T23:03:15.882407" elapsed="0.000000"/>
</kw>
<kw name="Evaluate" owner="BuiltIn">
<msg time="2025-11-20T23:03:15.882407" level="INFO">${is_digit} = False</msg>
<var>${is_digit}</var>
<arg>'${item}'.isdigit()</arg>
<doc>Evaluates the given expression in Python and returns the result.</doc>
<status status="PASS" start="2025-11-20T23:03:15.882407" elapsed="0.000000"/>
</kw>
<if>
<branch type="IF" condition="${is_digit}">
<kw name="Set Variable" owner="BuiltIn">
<var>${points}</var>
<arg>${item}</arg>
<doc>Returns the given values which can then be assigned to a variables.</doc>
<status status="NOT RUN" start="2025-11-20T23:03:15.882407" elapsed="0.000000"/>
</kw>
<break>
<status status="NOT RUN" start="2025-11-20T23:03:15.882407" elapsed="0.000000"/>
</break>
<status status="NOT RUN" start="2025-11-20T23:03:15.882407" elapsed="0.000000"/>
</branch>
<status status="PASS" start="2025-11-20T23:03:15.882407" elapsed="0.000000"/>
</if>
<var name="${i}">5</var>
<status status="PASS" start="2025-11-20T23:03:15.882407" elapsed="0.000000"/>
</iter>
<iter>
<kw name="Evaluate" owner="BuiltIn">
<msg time="2025-11-20T23:03:15.883406" level="INFO">${idx} = -6</msg>
<var>${idx}</var>
<arg>-${i}</arg>
<doc>Evaluates the given expression in Python and returns the result.</doc>
<status status="PASS" start="2025-11-20T23:03:15.883406" elapsed="0.000000"/>
</kw>
<kw name="Get From List" owner="Collections">
<msg time="2025-11-20T23:03:15.883406" level="INFO">${item} = ?</msg>
<var>${item}</var>
<arg>${parts}</arg>
<arg>${idx}</arg>
<doc>Returns the value specified with an ``index`` from ``list``.</doc>
<status status="PASS" start="2025-11-20T23:03:15.883406" elapsed="0.000000"/>
</kw>
<kw name="Evaluate" owner="BuiltIn">
<msg time="2025-11-20T23:03:15.883406" level="INFO">${is_digit} = False</msg>
<var>${is_digit}</var>
<arg>'${item}'.isdigit()</arg>
<doc>Evaluates the given expression in Python and returns the result.</doc>
<status status="PASS" start="2025-11-20T23:03:15.883406" elapsed="0.000000"/>
</kw>
<if>
<branch type="IF" condition="${is_digit}">
<kw name="Set Variable" owner="BuiltIn">
<var>${points}</var>
<arg>${item}</arg>
<doc>Returns the given values which can then be assigned to a variables.</doc>
<status status="NOT RUN" start="2025-11-20T23:03:15.883406" elapsed="0.000000"/>
</kw>
<break>
<status status="NOT RUN" start="2025-11-20T23:03:15.883406" elapsed="0.000000"/>
</break>
<status status="NOT RUN" start="2025-11-20T23:03:15.883406" elapsed="0.000000"/>
</branch>
<status status="PASS" start="2025-11-20T23:03:15.883406" elapsed="0.000000"/>
</if>
<var name="${i}">6</var>
<status status="PASS" start="2025-11-20T23:03:15.883406" elapsed="0.001000"/>
</iter>
<iter>
<kw name="Evaluate" owner="BuiltIn">
<msg time="2025-11-20T23:03:15.884406" level="INFO">${idx} = -7</msg>
<var>${idx}</var>
<arg>-${i}</arg>
<doc>Evaluates the given expression in Python and returns the result.</doc>
<status status="PASS" start="2025-11-20T23:03:15.884406" elapsed="0.000000"/>
</kw>
<kw name="Get From List" owner="Collections">
<msg time="2025-11-20T23:03:15.884406" level="INFO">${item} = 27</msg>
<var>${item}</var>
<arg>${parts}</arg>
<arg>${idx}</arg>
<doc>Returns the value specified with an ``index`` from ``list``.</doc>
<status status="PASS" start="2025-11-20T23:03:15.884406" elapsed="0.000000"/>
</kw>
<kw name="Evaluate" owner="BuiltIn">
<msg time="2025-11-20T23:03:15.884406" level="INFO">${is_digit} = True</msg>
<var>${is_digit}</var>
<arg>'${item}'.isdigit()</arg>
<doc>Evaluates the given expression in Python and returns the result.</doc>
<status status="PASS" start="2025-11-20T23:03:15.884406" elapsed="0.000000"/>
</kw>
<if>
<branch type="IF" condition="${is_digit}">
<kw name="Set Variable" owner="BuiltIn">
<msg time="2025-11-20T23:03:15.884406" level="INFO">${points} = 27</msg>
<var>${points}</var>
<arg>${item}</arg>
<doc>Returns the given values which can then be assigned to a variables.</doc>
<status status="PASS" start="2025-11-20T23:03:15.884406" elapsed="0.000000"/>
</kw>
<break>
<status status="PASS" start="2025-11-20T23:03:15.884406" elapsed="0.000000"/>
</break>
<status status="PASS" start="2025-11-20T23:03:15.884406" elapsed="0.001000"/>
</branch>
<status status="PASS" start="2025-11-20T23:03:15.884406" elapsed="0.001000"/>
</if>
<var name="${i}">7</var>
<status status="PASS" start="2025-11-20T23:03:15.884406" elapsed="0.001000"/>
</iter>
<var>${i}</var>
<value>1</value>
<value>${count}</value>
<status status="PASS" start="2025-11-20T23:03:15.877410" elapsed="0.007996"/>
</for>
<kw name="Return From Keyword If" owner="BuiltIn">
<arg>'${points}' == '${None}'</arg>
<arg>${None}</arg>
<doc>Returns from the enclosing user keyword if ``condition`` is true.</doc>
<status status="PASS" start="2025-11-20T23:03:15.885406" elapsed="0.000000"/>
</kw>
<kw name="Set Variable" owner="BuiltIn">
<msg time="2025-11-20T23:03:15.885406" level="INFO">${games} = None</msg>
<var>${games}</var>
<arg>${None}</arg>
<doc>Returns the given values which can then be assigned to a variables.</doc>
<status status="PASS" start="2025-11-20T23:03:15.885406" elapsed="0.000000"/>
</kw>
<kw name="Set Variable" owner="BuiltIn">
<msg time="2025-11-20T23:03:15.885912" level="INFO">${team_end_index} = 1</msg>
<var>${team_end_index}</var>
<arg>1</arg>
<doc>Returns the given values which can then be assigned to a variables.</doc>
<status status="PASS" start="2025-11-20T23:03:15.885912" elapsed="0.000000"/>
</kw>
<for flavor="IN RANGE">
<iter>
<kw name="Get From List" owner="Collections">
<msg time="2025-11-20T23:03:15.885912" level="INFO">${item} = Jagiellonia</msg>
<var>${item}</var>
<arg>${parts}</arg>
<arg>${index}</arg>
<doc>Returns the value specified with an ``index`` from ``list``.</doc>
<status status="PASS" start="2025-11-20T23:03:15.885912" elapsed="0.000000"/>
</kw>
<kw name="Evaluate" owner="BuiltIn">
<msg time="2025-11-20T23:03:15.885912" level="INFO">${is_digit} = False</msg>
<var>${is_digit}</var>
<arg>'${item}'.isdigit()</arg>
<doc>Evaluates the given expression in Python and returns the result.</doc>
<status status="PASS" start="2025-11-20T23:03:15.885912" elapsed="0.000000"/>
</kw>
<kw name="Evaluate" owner="BuiltIn">
<msg time="2025-11-20T23:03:15.885912" level="INFO">${is_games} = False</msg>
<var>${is_games}</var>
<arg>${is_digit} and 0 &lt;= int('${item}') &lt;= 50</arg>
<doc>Evaluates the given expression in Python and returns the result.</doc>
<status status="PASS" start="2025-11-20T23:03:15.885912" elapsed="0.000000"/>
</kw>
<if>
<branch type="IF" condition="${is_games}">
<kw name="Set Variable" owner="BuiltIn">
<var>${games}</var>
<arg>${item}</arg>
<doc>Returns the given values which can then be assigned to a variables.</doc>
<status status="NOT RUN" start="2025-11-20T23:03:15.886917" elapsed="0.000000"/>
</kw>
<kw name="Set Variable" owner="BuiltIn">
<var>${team_end_index}</var>
<arg>${index}</arg>
<doc>Returns the given values which can then be assigned to a variables.</doc>
<status status="NOT RUN" start="2025-11-20T23:03:15.886917" elapsed="0.000000"/>
</kw>
<break>
<status status="NOT RUN" start="2025-11-20T23:03:15.886917" elapsed="0.000000"/>
</break>
<status status="NOT RUN" start="2025-11-20T23:03:15.886917" elapsed="0.000000"/>
</branch>
<status status="PASS" start="2025-11-20T23:03:15.886917" elapsed="0.000000"/>
</if>
<var name="${index}">1</var>
<status status="PASS" start="2025-11-20T23:03:15.885912" elapsed="0.001005"/>
</iter>
<iter>
<kw name="Get From List" owner="Collections">
<msg time="2025-11-20T23:03:15.886917" level="INFO">${item} = 14</msg>
<var>${item}</var>
<arg>${parts}</arg>
<arg>${index}</arg>
<doc>Returns the value specified with an ``index`` from ``list``.</doc>
<status status="PASS" start="2025-11-20T23:03:15.886917" elapsed="0.000000"/>
</kw>
<kw name="Evaluate" owner="BuiltIn">
<msg time="2025-11-20T23:03:15.886917" level="INFO">${is_digit} = True</msg>
<var>${is_digit}</var>
<arg>'${item}'.isdigit()</arg>
<doc>Evaluates the given expression in Python and returns the result.</doc>
<status status="PASS" start="2025-11-20T23:03:15.886917" elapsed="0.000000"/>
</kw>
<kw name="Evaluate" owner="BuiltIn">
<msg time="2025-11-20T23:03:15.887913" level="INFO">${is_games} = True</msg>
<var>${is_games}</var>
<arg>${is_digit} and 0 &lt;= int('${item}') &lt;= 50</arg>
<doc>Evaluates the given expression in Python and returns the result.</doc>
<status status="PASS" start="2025-11-20T23:03:15.886917" elapsed="0.000996"/>
</kw>
<if>
<branch type="IF" condition="${is_games}">
<kw name="Set Variable" owner="BuiltIn">
<msg time="2025-11-20T23:03:15.887913" level="INFO">${games} = 14</msg>
<var>${games}</var>
<arg>${item}</arg>
<doc>Returns the given values which can then be assigned to a variables.</doc>
<status status="PASS" start="2025-11-20T23:03:15.887913" elapsed="0.000000"/>
</kw>
<kw name="Set Variable" owner="BuiltIn">
<msg time="2025-11-20T23:03:15.887913" level="INFO">${team_end_index} = 2</msg>
<var>${team_end_index}</var>
<arg>${index}</arg>
<doc>Returns the given values which can then be assigned to a variables.</doc>
<status status="PASS" start="2025-11-20T23:03:15.887913" elapsed="0.000000"/>
</kw>
<break>
<status status="PASS" start="2025-11-20T23:03:15.887913" elapsed="0.000000"/>
</break>
<status status="PASS" start="2025-11-20T23:03:15.887913" elapsed="0.000000"/>
</branch>
<status status="PASS" start="2025-11-20T23:03:15.887913" elapsed="0.000000"/>
</if>
<var name="${index}">2</var>
<status status="PASS" start="2025-11-20T23:03:15.886917" elapsed="0.000996"/>
</iter>
<var>${index}</var>
<value>1</value>
<value>${count}-1</value>
<status status="PASS" start="2025-11-20T23:03:15.885912" elapsed="0.002001"/>
</for>
<kw name="Return From Keyword If" owner="BuiltIn">
<arg>'${games}' == '${None}'</arg>
<arg>${None}</arg>
<doc>Returns from the enclosing user keyword if ``condition`` is true.</doc>
<status status="PASS" start="2025-11-20T23:03:15.887913" elapsed="0.001008"/>
</kw>
<kw name="Get From List" owner="Collections">
<msg time="2025-11-20T23:03:15.888921" level="INFO">${first_part} = 2.</msg>
<var>${first_part}</var>
<arg>${parts}</arg>
<arg>0</arg>
<doc>Returns the value specified with an ``index`` from ``list``.</doc>
<status status="PASS" start="2025-11-20T23:03:15.888921" elapsed="0.000000"/>
</kw>
<kw name="Evaluate" owner="BuiltIn">
<msg time="2025-11-20T23:03:15.888921" level="INFO">${is_position} = True</msg>
<var>${is_position}</var>
<arg>'.' in '${first_part}'</arg>
<doc>Evaluates the given expression in Python and returns the result.</doc>
<status status="PASS" start="2025-11-20T23:03:15.888921" elapsed="0.000000"/>
</kw>
<kw name="Set Variable If" owner="BuiltIn">
<msg time="2025-11-20T23:03:15.888921" level="INFO">${start_index} = 1</msg>
<var>${start_index}</var>
<arg>${is_position}</arg>
<arg>1</arg>
<arg>0</arg>
<doc>Sets variable based on the given condition.</doc>
<status status="PASS" start="2025-11-20T23:03:15.888921" elapsed="0.000000"/>
</kw>
<kw name="Get Slice From List" owner="Collections">
<msg time="2025-11-20T23:03:15.888921" level="INFO">${team_parts} = ['Jagiellonia']</msg>
<var>${team_parts}</var>
<arg>${parts}</arg>
<arg>${start_index}</arg>
<arg>${team_end_index}</arg>
<doc>Returns a slice of the given list between ``start`` and ``end`` indexes.</doc>
<status status="PASS" start="2025-11-20T23:03:15.888921" elapsed="0.000000"/>
</kw>
<kw name="Evaluate" owner="BuiltIn">
<msg time="2025-11-20T23:03:15.890142" level="INFO">${team_name} = Jagiellonia</msg>
<var>${team_name}</var>
<arg>" ".join($team_parts)</arg>
<doc>Evaluates the given expression in Python and returns the result.</doc>
<status status="PASS" start="2025-11-20T23:03:15.890142" elapsed="0.000000"/>
</kw>
<kw name="Return From Keyword If" owner="BuiltIn">
<arg>'${team_name}' == '${EMPTY}'</arg>
<arg>${None}</arg>
<doc>Returns from the enclosing user keyword if ``condition`` is true.</doc>
<status status="PASS" start="2025-11-20T23:03:15.890142" elapsed="0.000000"/>
</kw>
<kw name="Create Dictionary" owner="BuiltIn">
<msg time="2025-11-20T23:03:15.891151" level="INFO">${result} = {'Club': 'Jagiellonia', 'Games': '14', 'Points': '27'}</msg>
<var>${result}</var>
<arg>Club=${team_name}</arg>
<arg>Games=${games}</arg>
<arg>Points=${points}</arg>
<doc>Creates and returns a dictionary based on the given ``items``.</doc>
<status status="PASS" start="2025-11-20T23:03:15.890142" elapsed="0.001009"/>
</kw>
<return>
<value>${result}</value>
<status status="PASS" start="2025-11-20T23:03:15.891151" elapsed="0.000000"/>
</return>
<msg time="2025-11-20T23:03:15.891151" level="INFO">${row_dict} = {'Club': 'Jagiellonia', 'Games': '14', 'Points': '27'}</msg>
<var>${row_dict}</var>
<arg>${text}</arg>
<status status="PASS" start="2025-11-20T23:03:15.874899" elapsed="0.016252"/>
</kw>
<kw name="Run Keyword If" owner="BuiltIn">
<kw name="Append To List" owner="Collections">
<arg>${rows_data}</arg>
<arg>${row_dict}</arg>
<doc>Adds ``values`` to the end of ``list``.</doc>
<status status="PASS" start="2025-11-20T23:03:15.891151" elapsed="0.000000"/>
</kw>
<arg>$row_dict is not None</arg>
<arg>Append To List</arg>
<arg>${rows_data}</arg>
<arg>${row_dict}</arg>
<doc>Runs the given keyword with the given arguments, if ``condition`` is true.</doc>
<status status="PASS" start="2025-11-20T23:03:15.891151" elapsed="0.000000"/>
</kw>
<var name="${row}">&lt;selenium.webdriver.remote.webelement.WebElement (session="50dd70fad54bf2f9ab6bd7a5420f7912", element="f.3B09CD16EEB89A8AF679412D6738AE08.d.2DDD0BFDCAF63AA4FDD232627D6D5E04.e.99")&gt;</var>
<status status="PASS" start="2025-11-20T23:03:15.861671" elapsed="0.029480"/>
</iter>
<iter>
<kw name="Get Text" owner="SeleniumLibrary">
<msg time="2025-11-20T23:03:15.918928" level="INFO">${text} = 3.
Wisla Plock
14
7
5
2
19:10
9
26
?
D
W
D
W
D</msg>
<var>${text}</var>
<arg>${row}</arg>
<doc>Returns the text value of the element identified by ``locator``.</doc>
<status status="PASS" start="2025-11-20T23:03:15.892150" elapsed="0.026778"/>
</kw>
<kw name="Parse Row Text" owner="Keywords">
<kw name="Replace String" owner="String">
<msg time="2025-11-20T23:03:15.919922" level="INFO">${clean_text} = 3. Wisla Plock 14 7 5 2 19:10 9 26 ? D W D W D</msg>
<var>${clean_text}</var>
<arg>${full_text}</arg>
<arg>\n</arg>
<arg>${SPACE}</arg>
<doc>Replaces ``search_for`` in the given ``string`` with ``replace_with``.</doc>
<status status="PASS" start="2025-11-20T23:03:15.919922" elapsed="0.001001"/>
</kw>
<kw name="Evaluate" owner="BuiltIn">
<msg time="2025-11-20T23:03:15.920923" level="INFO">${is_header} = False</msg>
<var>${is_header}</var>
<arg>'MP' in '''${clean_text}''' or 'Mecze' in '''${clean_text}''' or 'Team' in '''${clean_text}'''</arg>
<doc>Evaluates the given expression in Python and returns the result.</doc>
<status status="PASS" start="2025-11-20T23:03:15.920923" elapsed="0.000000"/>
</kw>
<kw name="Return From Keyword If" owner="BuiltIn">
<arg>${is_header}</arg>
<arg>${None}</arg>
<doc>Returns from the enclosing user keyword if ``condition`` is true.</doc>
<status status="PASS" start="2025-11-20T23:03:15.920923" elapsed="0.000000"/>
</kw>
<kw name="Split String" owner="String">
<msg time="2025-11-20T23:03:15.920923" level="INFO">@{parts} = [ 3. | Wisla | Plock | 14 | 7 | 5 | 2 | 19:10 | 9 | 26 | ? | D | W | D | W | D ]</msg>
<var>@{parts}</var>
<arg>${clean_text}</arg>
<arg>${SPACE}</arg>
<doc>Splits the ``string`` using ``separator`` as a delimiter string.</doc>
<status status="PASS" start="2025-11-20T23:03:15.920923" elapsed="0.000000"/>
</kw>
<kw name="Get Length" owner="BuiltIn">
<msg time="2025-11-20T23:03:15.920923" level="INFO">Length is 16.</msg>
<msg time="2025-11-20T23:03:15.920923" level="INFO">${count} = 16</msg>
<var>${count}</var>
<arg>${parts}</arg>
<doc>Returns and logs the length of the given item as an integer.</doc>
<status status="PASS" start="2025-11-20T23:03:15.920923" elapsed="0.000000"/>
</kw>
<kw name="Return From Keyword If" owner="BuiltIn">
<arg>${count} &lt; 4</arg>
<arg>${None}</arg>
<doc>Returns from the enclosing user keyword if ``condition`` is true.</doc>
<status status="PASS" start="2025-11-20T23:03:15.920923" elapsed="0.000000"/>
</kw>
<kw name="Set Variable" owner="BuiltIn">
<msg time="2025-11-20T23:03:15.920923" level="INFO">${points} = None</msg>
<var>${points}</var>
<arg>${None}</arg>
<doc>Returns the given values which can then be assigned to a variables.</doc>
<status status="PASS" start="2025-11-20T23:03:15.920923" elapsed="0.000000"/>
</kw>
<for flavor="IN RANGE">
<iter>
<kw name="Evaluate" owner="BuiltIn">
<msg time="2025-11-20T23:03:15.922364" level="INFO">${idx} = -1</msg>
<var>${idx}</var>
<arg>-${i}</arg>
<doc>Evaluates the given expression in Python and returns the result.</doc>
<status status="PASS" start="2025-11-20T23:03:15.922364" elapsed="0.000000"/>
</kw>
<kw name="Get From List" owner="Collections">
<msg time="2025-11-20T23:03:15.922364" level="INFO">${item} = D</msg>
<var>${item}</var>
<arg>${parts}</arg>
<arg>${idx}</arg>
<doc>Returns the value specified with an ``index`` from ``list``.</doc>
<status status="PASS" start="2025-11-20T23:03:15.922364" elapsed="0.000000"/>
</kw>
<kw name="Evaluate" owner="BuiltIn">
<msg time="2025-11-20T23:03:15.922364" level="INFO">${is_digit} = False</msg>
<var>${is_digit}</var>
<arg>'${item}'.isdigit()</arg>
<doc>Evaluates the given expression in Python and returns the result.</doc>
<status status="PASS" start="2025-11-20T23:03:15.922364" elapsed="0.000000"/>
</kw>
<if>
<branch type="IF" condition="${is_digit}">
<kw name="Set Variable" owner="BuiltIn">
<var>${points}</var>
<arg>${item}</arg>
<doc>Returns the given values which can then be assigned to a variables.</doc>
<status status="NOT RUN" start="2025-11-20T23:03:15.922364" elapsed="0.000000"/>
</kw>
<break>
<status status="NOT RUN" start="2025-11-20T23:03:15.922364" elapsed="0.000000"/>
</break>
<status status="NOT RUN" start="2025-11-20T23:03:15.922364" elapsed="0.001008"/>
</branch>
<status status="PASS" start="2025-11-20T23:03:15.922364" elapsed="0.001008"/>
</if>
<var name="${i}">1</var>
<status status="PASS" start="2025-11-20T23:03:15.922364" elapsed="0.001008"/>
</iter>
<iter>
<kw name="Evaluate" owner="BuiltIn">
<msg time="2025-11-20T23:03:15.923372" level="INFO">${idx} = -2</msg>
<var>${idx}</var>
<arg>-${i}</arg>
<doc>Evaluates the given expression in Python and returns the result.</doc>
<status status="PASS" start="2025-11-20T23:03:15.923372" elapsed="0.000000"/>
</kw>
<kw name="Get From List" owner="Collections">
<msg time="2025-11-20T23:03:15.923372" level="INFO">${item} = W</msg>
<var>${item}</var>
<arg>${parts}</arg>
<arg>${idx}</arg>
<doc>Returns the value specified with an ``index`` from ``list``.</doc>
<status status="PASS" start="2025-11-20T23:03:15.923372" elapsed="0.000000"/>
</kw>
<kw name="Evaluate" owner="BuiltIn">
<msg time="2025-11-20T23:03:15.923372" level="INFO">${is_digit} = False</msg>
<var>${is_digit}</var>
<arg>'${item}'.isdigit()</arg>
<doc>Evaluates the given expression in Python and returns the result.</doc>
<status status="PASS" start="2025-11-20T23:03:15.923372" elapsed="0.000000"/>
</kw>
<if>
<branch type="IF" condition="${is_digit}">
<kw name="Set Variable" owner="BuiltIn">
<var>${points}</var>
<arg>${item}</arg>
<doc>Returns the given values which can then be assigned to a variables.</doc>
<status status="NOT RUN" start="2025-11-20T23:03:15.923372" elapsed="0.000000"/>
</kw>
<break>
<status status="NOT RUN" start="2025-11-20T23:03:15.923372" elapsed="0.000000"/>
</break>
<status status="NOT RUN" start="2025-11-20T23:03:15.923372" elapsed="0.000000"/>
</branch>
<status status="PASS" start="2025-11-20T23:03:15.923372" elapsed="0.000000"/>
</if>
<var name="${i}">2</var>
<status status="PASS" start="2025-11-20T23:03:15.923372" elapsed="0.000000"/>
</iter>
<iter>
<kw name="Evaluate" owner="BuiltIn">
<msg time="2025-11-20T23:03:15.924372" level="INFO">${idx} = -3</msg>
<var>${idx}</var>
<arg>-${i}</arg>
<doc>Evaluates the given expression in Python and returns the result.</doc>
<status status="PASS" start="2025-11-20T23:03:15.924372" elapsed="0.000000"/>
</kw>
<kw name="Get From List" owner="Collections">
<msg time="2025-11-20T23:03:15.924372" level="INFO">${item} = D</msg>
<var>${item}</var>
<arg>${parts}</arg>
<arg>${idx}</arg>
<doc>Returns the value specified with an ``index`` from ``list``.</doc>
<status status="PASS" start="2025-11-20T23:03:15.924372" elapsed="0.000000"/>
</kw>
<kw name="Evaluate" owner="BuiltIn">
<msg time="2025-11-20T23:03:15.924372" level="INFO">${is_digit} = False</msg>
<var>${is_digit}</var>
<arg>'${item}'.isdigit()</arg>
<doc>Evaluates the given expression in Python and returns the result.</doc>
<status status="PASS" start="2025-11-20T23:03:15.924372" elapsed="0.000000"/>
</kw>
<if>
<branch type="IF" condition="${is_digit}">
<kw name="Set Variable" owner="BuiltIn">
<var>${points}</var>
<arg>${item}</arg>
<doc>Returns the given values which can then be assigned to a variables.</doc>
<status status="NOT RUN" start="2025-11-20T23:03:15.924372" elapsed="0.000000"/>
</kw>
<break>
<status status="NOT RUN" start="2025-11-20T23:03:15.924372" elapsed="0.000000"/>
</break>
<status status="NOT RUN" start="2025-11-20T23:03:15.924372" elapsed="0.000000"/>
</branch>
<status status="PASS" start="2025-11-20T23:03:15.924372" elapsed="0.000000"/>
</if>
<var name="${i}">3</var>
<status status="PASS" start="2025-11-20T23:03:15.924372" elapsed="0.000000"/>
</iter>
<iter>
<kw name="Evaluate" owner="BuiltIn">
<msg time="2025-11-20T23:03:15.924372" level="INFO">${idx} = -4</msg>
<var>${idx}</var>
<arg>-${i}</arg>
<doc>Evaluates the given expression in Python and returns the result.</doc>
<status status="PASS" start="2025-11-20T23:03:15.924372" elapsed="0.000000"/>
</kw>
<kw name="Get From List" owner="Collections">
<msg time="2025-11-20T23:03:15.924372" level="INFO">${item} = W</msg>
<var>${item}</var>
<arg>${parts}</arg>
<arg>${idx}</arg>
<doc>Returns the value specified with an ``index`` from ``list``.</doc>
<status status="PASS" start="2025-11-20T23:03:15.924372" elapsed="0.000000"/>
</kw>
<kw name="Evaluate" owner="BuiltIn">
<msg time="2025-11-20T23:03:15.925875" level="INFO">${is_digit} = False</msg>
<var>${is_digit}</var>
<arg>'${item}'.isdigit()</arg>
<doc>Evaluates the given expression in Python and returns the result.</doc>
<status status="PASS" start="2025-11-20T23:03:15.924372" elapsed="0.001503"/>
</kw>
<if>
<branch type="IF" condition="${is_digit}">
<kw name="Set Variable" owner="BuiltIn">
<var>${points}</var>
<arg>${item}</arg>
<doc>Returns the given values which can then be assigned to a variables.</doc>
<status status="NOT RUN" start="2025-11-20T23:03:15.925875" elapsed="0.000000"/>
</kw>
<break>
<status status="NOT RUN" start="2025-11-20T23:03:15.925875" elapsed="0.000000"/>
</break>
<status status="NOT RUN" start="2025-11-20T23:03:15.925875" elapsed="0.000000"/>
</branch>
<status status="PASS" start="2025-11-20T23:03:15.925875" elapsed="0.000000"/>
</if>
<var name="${i}">4</var>
<status status="PASS" start="2025-11-20T23:03:15.924372" elapsed="0.001503"/>
</iter>
<iter>
<kw name="Evaluate" owner="BuiltIn">
<msg time="2025-11-20T23:03:15.925875" level="INFO">${idx} = -5</msg>
<var>${idx}</var>
<arg>-${i}</arg>
<doc>Evaluates the given expression in Python and returns the result.</doc>
<status status="PASS" start="2025-11-20T23:03:15.925875" elapsed="0.000000"/>
</kw>
<kw name="Get From List" owner="Collections">
<msg time="2025-11-20T23:03:15.925875" level="INFO">${item} = D</msg>
<var>${item}</var>
<arg>${parts}</arg>
<arg>${idx}</arg>
<doc>Returns the value specified with an ``index`` from ``list``.</doc>
<status status="PASS" start="2025-11-20T23:03:15.925875" elapsed="0.000000"/>
</kw>
<kw name="Evaluate" owner="BuiltIn">
<msg time="2025-11-20T23:03:15.925875" level="INFO">${is_digit} = False</msg>
<var>${is_digit}</var>
<arg>'${item}'.isdigit()</arg>
<doc>Evaluates the given expression in Python and returns the result.</doc>
<status status="PASS" start="2025-11-20T23:03:15.925875" elapsed="0.000000"/>
</kw>
<if>
<branch type="IF" condition="${is_digit}">
<kw name="Set Variable" owner="BuiltIn">
<var>${points}</var>
<arg>${item}</arg>
<doc>Returns the given values which can then be assigned to a variables.</doc>
<status status="NOT RUN" start="2025-11-20T23:03:15.926885" elapsed="0.000000"/>
</kw>
<break>
<status status="NOT RUN" start="2025-11-20T23:03:15.926885" elapsed="0.000000"/>
</break>
<status status="NOT RUN" start="2025-11-20T23:03:15.926885" elapsed="0.000000"/>
</branch>
<status status="PASS" start="2025-11-20T23:03:15.926885" elapsed="0.000000"/>
</if>
<var name="${i}">5</var>
<status status="PASS" start="2025-11-20T23:03:15.925875" elapsed="0.001010"/>
</iter>
<iter>
<kw name="Evaluate" owner="BuiltIn">
<msg time="2025-11-20T23:03:15.926885" level="INFO">${idx} = -6</msg>
<var>${idx}</var>
<arg>-${i}</arg>
<doc>Evaluates the given expression in Python and returns the result.</doc>
<status status="PASS" start="2025-11-20T23:03:15.926885" elapsed="0.000000"/>
</kw>
<kw name="Get From List" owner="Collections">
<msg time="2025-11-20T23:03:15.926885" level="INFO">${item} = ?</msg>
<var>${item}</var>
<arg>${parts}</arg>
<arg>${idx}</arg>
<doc>Returns the value specified with an ``index`` from ``list``.</doc>
<status status="PASS" start="2025-11-20T23:03:15.926885" elapsed="0.000000"/>
</kw>
<kw name="Evaluate" owner="BuiltIn">
<msg time="2025-11-20T23:03:15.927995" level="INFO">${is_digit} = False</msg>
<var>${is_digit}</var>
<arg>'${item}'.isdigit()</arg>
<doc>Evaluates the given expression in Python and returns the result.</doc>
<status status="PASS" start="2025-11-20T23:03:15.926885" elapsed="0.001110"/>
</kw>
<if>
<branch type="IF" condition="${is_digit}">
[...]
</if>
<var name="${i}">3</var>
<status status="PASS" start="2025-11-20T23:03:20.076475" elapsed="0.001006"/>
</iter>
<iter>
<kw name="Evaluate" owner="BuiltIn">
<msg time="2025-11-20T23:03:20.077481" level="INFO">${idx} = -4</msg>
<var>${idx}</var>
<arg>-${i}</arg>
<doc>Evaluates the given expression in Python and returns the result.</doc>
<status status="PASS" start="2025-11-20T23:03:20.077481" elapsed="0.000000"/>
</kw>
<kw name="Get From List" owner="Collections">
<msg time="2025-11-20T23:03:20.077481" level="INFO">${item} = L</msg>
<var>${item}</var>
<arg>${parts}</arg>
<arg>${idx}</arg>
<doc>Returns the value specified with an ``index`` from ``list``.</doc>
<status status="PASS" start="2025-11-20T23:03:20.077481" elapsed="0.000000"/>
</kw>
<kw name="Evaluate" owner="BuiltIn">
<msg time="2025-11-20T23:03:20.078477" level="INFO">${is_digit} = False</msg>
<var>${is_digit}</var>
<arg>'${item}'.isdigit()</arg>
<doc>Evaluates the given expression in Python and returns the result.</doc>
<status status="PASS" start="2025-11-20T23:03:20.078477" elapsed="0.000000"/>
</kw>
<if>
<branch type="IF" condition="${is_digit}">
<kw name="Set Variable" owner="BuiltIn">
<var>${points}</var>
<arg>${item}</arg>
<doc>Returns the given values which can then be assigned to a variables.</doc>
<status status="NOT RUN" start="2025-11-20T23:03:20.078477" elapsed="0.000000"/>
</kw>
<break>
<status status="NOT RUN" start="2025-11-20T23:03:20.078477" elapsed="0.000000"/>
</break>
<status status="NOT RUN" start="2025-11-20T23:03:20.078477" elapsed="0.000000"/>
</branch>
<status status="PASS" start="2025-11-20T23:03:20.078477" elapsed="0.000000"/>
</if>
<var name="${i}">4</var>
<status status="PASS" start="2025-11-20T23:03:20.077481" elapsed="0.000996"/>
</iter>
<iter>
<kw name="Evaluate" owner="BuiltIn">
<msg time="2025-11-20T23:03:20.078477" level="INFO">${idx} = -5</msg>
<var>${idx}</var>
<arg>-${i}</arg>
<doc>Evaluates the given expression in Python and returns the result.</doc>
<status status="PASS" start="2025-11-20T23:03:20.078477" elapsed="0.000000"/>
</kw>
<kw name="Get From List" owner="Collections">
<msg time="2025-11-20T23:03:20.079790" level="INFO">${item} = L</msg>
<var>${item}</var>
<arg>${parts}</arg>
<arg>${idx}</arg>
<doc>Returns the value specified with an ``index`` from ``list``.</doc>
<status status="PASS" start="2025-11-20T23:03:20.078477" elapsed="0.001313"/>
</kw>
<kw name="Evaluate" owner="BuiltIn">
<msg time="2025-11-20T23:03:20.079790" level="INFO">${is_digit} = False</msg>
<var>${is_digit}</var>
<arg>'${item}'.isdigit()</arg>
<doc>Evaluates the given expression in Python and returns the result.</doc>
<status status="PASS" start="2025-11-20T23:03:20.079790" elapsed="0.000000"/>
</kw>
<if>
<branch type="IF" condition="${is_digit}">
<kw name="Set Variable" owner="BuiltIn">
<var>${points}</var>
<arg>${item}</arg>
<doc>Returns the given values which can then be assigned to a variables.</doc>
<status status="NOT RUN" start="2025-11-20T23:03:20.079790" elapsed="0.000000"/>
</kw>
<break>
<status status="NOT RUN" start="2025-11-20T23:03:20.079790" elapsed="0.000000"/>
</break>
<status status="NOT RUN" start="2025-11-20T23:03:20.079790" elapsed="0.000000"/>
</branch>
<status status="PASS" start="2025-11-20T23:03:20.079790" elapsed="0.000000"/>
</if>
<var name="${i}">5</var>
<status status="PASS" start="2025-11-20T23:03:20.078477" elapsed="0.001313"/>
</iter>
<iter>
<kw name="Evaluate" owner="BuiltIn">
<msg time="2025-11-20T23:03:20.114377" level="INFO">${idx} = -6</msg>
<var>${idx}</var>
<arg>-${i}</arg>
<doc>Evaluates the given expression in Python and returns the result.</doc>
<status status="PASS" start="2025-11-20T23:03:20.079790" elapsed="0.034587"/>
</kw>
<kw name="Get From List" owner="Collections">
<msg time="2025-11-20T23:03:20.114377" level="INFO">${item} = ?</msg>
<var>${item}</var>
<arg>${parts}</arg>
<arg>${idx}</arg>
<doc>Returns the value specified with an ``index`` from ``list``.</doc>
<status status="PASS" start="2025-11-20T23:03:20.114377" elapsed="0.000000"/>
</kw>
<kw name="Evaluate" owner="BuiltIn">
<msg time="2025-11-20T23:03:20.114377" level="INFO">${is_digit} = False</msg>
<var>${is_digit}</var>
<arg>'${item}'.isdigit()</arg>
<doc>Evaluates the given expression in Python and returns the result.</doc>
<status status="PASS" start="2025-11-20T23:03:20.114377" elapsed="0.000000"/>
</kw>
<if>
<branch type="IF" condition="${is_digit}">
<kw name="Set Variable" owner="BuiltIn">
<var>${points}</var>
<arg>${item}</arg>
<doc>Returns the given values which can then be assigned to a variables.</doc>
<status status="NOT RUN" start="2025-11-20T23:03:20.114377" elapsed="0.000000"/>
</kw>
<break>
<status status="NOT RUN" start="2025-11-20T23:03:20.114377" elapsed="0.000000"/>
</break>
<status status="NOT RUN" start="2025-11-20T23:03:20.114377" elapsed="0.000000"/>
</branch>
<status status="PASS" start="2025-11-20T23:03:20.114377" elapsed="0.000000"/>
</if>
<var name="${i}">6</var>
<status status="PASS" start="2025-11-20T23:03:20.079790" elapsed="0.034587"/>
</iter>
<iter>
<kw name="Evaluate" owner="BuiltIn">
<msg time="2025-11-20T23:03:20.114377" level="INFO">${idx} = -7</msg>
<var>${idx}</var>
<arg>-${i}</arg>
<doc>Evaluates the given expression in Python and returns the result.</doc>
<status status="PASS" start="2025-11-20T23:03:20.114377" elapsed="0.000000"/>
</kw>
<kw name="Get From List" owner="Collections">
<msg time="2025-11-20T23:03:20.115885" level="INFO">${item} = 2</msg>
<var>${item}</var>
<arg>${parts}</arg>
<arg>${idx}</arg>
<doc>Returns the value specified with an ``index`` from ``list``.</doc>
<status status="PASS" start="2025-11-20T23:03:20.114377" elapsed="0.001508"/>
</kw>
<kw name="Evaluate" owner="BuiltIn">
<msg time="2025-11-20T23:03:20.115885" level="INFO">${is_digit} = True</msg>
<var>${is_digit}</var>
<arg>'${item}'.isdigit()</arg>
<doc>Evaluates the given expression in Python and returns the result.</doc>
<status status="PASS" start="2025-11-20T23:03:20.115885" elapsed="0.000000"/>
</kw>
<if>
<branch type="IF" condition="${is_digit}">
<kw name="Set Variable" owner="BuiltIn">
<msg time="2025-11-20T23:03:20.115885" level="INFO">${points} = 2</msg>
<var>${points}</var>
<arg>${item}</arg>
<doc>Returns the given values which can then be assigned to a variables.</doc>
<status status="PASS" start="2025-11-20T23:03:20.115885" elapsed="0.000000"/>
</kw>
<break>
<status status="PASS" start="2025-11-20T23:03:20.115885" elapsed="0.000000"/>
</break>
<status status="PASS" start="2025-11-20T23:03:20.115885" elapsed="0.000000"/>
</branch>
<status status="PASS" start="2025-11-20T23:03:20.115885" elapsed="0.000000"/>
</if>
<var name="${i}">7</var>
<status status="PASS" start="2025-11-20T23:03:20.114377" elapsed="0.001508"/>
</iter>
<var>${i}</var>
<value>1</value>
<value>${count}</value>
<status status="PASS" start="2025-11-20T23:03:20.074970" elapsed="0.040915"/>
</for>
<kw name="Return From Keyword If" owner="BuiltIn">
<arg>'${points}' == '${None}'</arg>
<arg>${None}</arg>
<doc>Returns from the enclosing user keyword if ``condition`` is true.</doc>
<status status="PASS" start="2025-11-20T23:03:20.115885" elapsed="0.001018"/>
</kw>
<kw name="Set Variable" owner="BuiltIn">
<msg time="2025-11-20T23:03:20.116903" level="INFO">${games} = None</msg>
<var>${games}</var>
<arg>${None}</arg>
<doc>Returns the given values which can then be assigned to a variables.</doc>
<status status="PASS" start="2025-11-20T23:03:20.116903" elapsed="0.000000"/>
</kw>
<kw name="Set Variable" owner="BuiltIn">
<msg time="2025-11-20T23:03:20.116903" level="INFO">${team_end_index} = 1</msg>
<var>${team_end_index}</var>
<arg>1</arg>
<doc>Returns the given values which can then be assigned to a variables.</doc>
<status status="PASS" start="2025-11-20T23:03:20.116903" elapsed="0.000000"/>
</kw>
<for flavor="IN RANGE">
<iter>
<kw name="Get From List" owner="Collections">
<msg time="2025-11-20T23:03:20.117914" level="INFO">${item} = Wolves</msg>
<var>${item}</var>
<arg>${parts}</arg>
<arg>${index}</arg>
<doc>Returns the value specified with an ``index`` from ``list``.</doc>
<status status="PASS" start="2025-11-20T23:03:20.117914" elapsed="0.000000"/>
</kw>
<kw name="Evaluate" owner="BuiltIn">
<msg time="2025-11-20T23:03:20.117914" level="INFO">${is_digit} = False</msg>
<var>${is_digit}</var>
<arg>'${item}'.isdigit()</arg>
<doc>Evaluates the given expression in Python and returns the result.</doc>
<status status="PASS" start="2025-11-20T23:03:20.117914" elapsed="0.000000"/>
</kw>
<kw name="Evaluate" owner="BuiltIn">
<msg time="2025-11-20T23:03:20.118921" level="INFO">${is_games} = False</msg>
<var>${is_games}</var>
<arg>${is_digit} and 0 &lt;= int('${item}') &lt;= 50</arg>
<doc>Evaluates the given expression in Python and returns the result.</doc>
<status status="PASS" start="2025-11-20T23:03:20.117914" elapsed="0.001007"/>
</kw>
<if>
<branch type="IF" condition="${is_games}">
<kw name="Set Variable" owner="BuiltIn">
<var>${games}</var>
<arg>${item}</arg>
<doc>Returns the given values which can then be assigned to a variables.</doc>
<status status="NOT RUN" start="2025-11-20T23:03:20.118921" elapsed="0.000000"/>
</kw>
<kw name="Set Variable" owner="BuiltIn">
<var>${team_end_index}</var>
<arg>${index}</arg>
<doc>Returns the given values which can then be assigned to a variables.</doc>
<status status="NOT RUN" start="2025-11-20T23:03:20.118921" elapsed="0.000000"/>
</kw>
<break>
<status status="NOT RUN" start="2025-11-20T23:03:20.118921" elapsed="0.000000"/>
</break>
<status status="NOT RUN" start="2025-11-20T23:03:20.118921" elapsed="0.000000"/>
</branch>
<status status="PASS" start="2025-11-20T23:03:20.118921" elapsed="0.000000"/>
</if>
<var name="${index}">1</var>
<status status="PASS" start="2025-11-20T23:03:20.117914" elapsed="0.001007"/>
</iter>
<iter>
<kw name="Get From List" owner="Collections">
<msg time="2025-11-20T23:03:20.118921" level="INFO">${item} = 11</msg>
<var>${item}</var>
<arg>${parts}</arg>
<arg>${index}</arg>
<doc>Returns the value specified with an ``index`` from ``list``.</doc>
<status status="PASS" start="2025-11-20T23:03:20.118921" elapsed="0.000000"/>
</kw>
<kw name="Evaluate" owner="BuiltIn">
<msg time="2025-11-20T23:03:20.119921" level="INFO">${is_digit} = True</msg>
<var>${is_digit}</var>
<arg>'${item}'.isdigit()</arg>
<doc>Evaluates the given expression in Python and returns the result.</doc>
<status status="PASS" start="2025-11-20T23:03:20.119921" elapsed="0.000000"/>
</kw>
<kw name="Evaluate" owner="BuiltIn">
<msg time="2025-11-20T23:03:20.119921" level="INFO">${is_games} = True</msg>
<var>${is_games}</var>
<arg>${is_digit} and 0 &lt;= int('${item}') &lt;= 50</arg>
<doc>Evaluates the given expression in Python and returns the result.</doc>
<status status="PASS" start="2025-11-20T23:03:20.119921" elapsed="0.000000"/>
</kw>
<if>
<branch type="IF" condition="${is_games}">
<kw name="Set Variable" owner="BuiltIn">
<msg time="2025-11-20T23:03:20.119921" level="INFO">${games} = 11</msg>
<var>${games}</var>
<arg>${item}</arg>
<doc>Returns the given values which can then be assigned to a variables.</doc>
<status status="PASS" start="2025-11-20T23:03:20.119921" elapsed="0.000000"/>
</kw>
<kw name="Set Variable" owner="BuiltIn">
<msg time="2025-11-20T23:03:20.119921" level="INFO">${team_end_index} = 2</msg>
<var>${team_end_index}</var>
<arg>${index}</arg>
<doc>Returns the given values which can then be assigned to a variables.</doc>
<status status="PASS" start="2025-11-20T23:03:20.119921" elapsed="0.000000"/>
</kw>
<break>
<status status="PASS" start="2025-11-20T23:03:20.119921" elapsed="0.000000"/>
</break>
<status status="PASS" start="2025-11-20T23:03:20.119921" elapsed="0.001003"/>
</branch>
<status status="PASS" start="2025-11-20T23:03:20.119921" elapsed="0.001003"/>
</if>
<var name="${index}">2</var>
<status status="PASS" start="2025-11-20T23:03:20.118921" elapsed="0.002003"/>
</iter>
<var>${index}</var>
<value>1</value>
<value>${count}-1</value>
<status status="PASS" start="2025-11-20T23:03:20.116903" elapsed="0.004021"/>
</for>
<kw name="Return From Keyword If" owner="BuiltIn">
<arg>'${games}' == '${None}'</arg>
<arg>${None}</arg>
<doc>Returns from the enclosing user keyword if ``condition`` is true.</doc>
<status status="PASS" start="2025-11-20T23:03:20.120924" elapsed="0.000000"/>
</kw>
<kw name="Get From List" owner="Collections">
<msg time="2025-11-20T23:03:20.120924" level="INFO">${first_part} = 20.</msg>
<var>${first_part}</var>
<arg>${parts}</arg>
<arg>0</arg>
<doc>Returns the value specified with an ``index`` from ``list``.</doc>
<status status="PASS" start="2025-11-20T23:03:20.120924" elapsed="0.000000"/>
</kw>
<kw name="Evaluate" owner="BuiltIn">
<msg time="2025-11-20T23:03:20.120924" level="INFO">${is_position} = True</msg>
<var>${is_position}</var>
<arg>'.' in '${first_part}'</arg>
<doc>Evaluates the given expression in Python and returns the result.</doc>
<status status="PASS" start="2025-11-20T23:03:20.120924" elapsed="0.000000"/>
</kw>
<kw name="Set Variable If" owner="BuiltIn">
<msg time="2025-11-20T23:03:20.121922" level="INFO">${start_index} = 1</msg>
<var>${start_index}</var>
<arg>${is_position}</arg>
<arg>1</arg>
<arg>0</arg>
<doc>Sets variable based on the given condition.</doc>
<status status="PASS" start="2025-11-20T23:03:20.120924" elapsed="0.000998"/>
</kw>
<kw name="Get Slice From List" owner="Collections">
<msg time="2025-11-20T23:03:20.121922" level="INFO">${team_parts} = ['Wolves']</msg>
<var>${team_parts}</var>
<arg>${parts}</arg>
<arg>${start_index}</arg>
<arg>${team_end_index}</arg>
<doc>Returns a slice of the given list between ``start`` and ``end`` indexes.</doc>
<status status="PASS" start="2025-11-20T23:03:20.121922" elapsed="0.000000"/>
</kw>
<kw name="Evaluate" owner="BuiltIn">
<msg time="2025-11-20T23:03:20.121922" level="INFO">${team_name} = Wolves</msg>
<var>${team_name}</var>
<arg>" ".join($team_parts)</arg>
<doc>Evaluates the given expression in Python and returns the result.</doc>
<status status="PASS" start="2025-11-20T23:03:20.121922" elapsed="0.000000"/>
</kw>
<kw name="Return From Keyword If" owner="BuiltIn">
<arg>'${team_name}' == '${EMPTY}'</arg>
<arg>${None}</arg>
<doc>Returns from the enclosing user keyword if ``condition`` is true.</doc>
<status status="PASS" start="2025-11-20T23:03:20.121922" elapsed="0.000998"/>
</kw>
<kw name="Create Dictionary" owner="BuiltIn">
<msg time="2025-11-20T23:03:20.122920" level="INFO">${result} = {'Club': 'Wolves', 'Games': '11', 'Points': '2'}</msg>
<var>${result}</var>
<arg>Club=${team_name}</arg>
<arg>Games=${games}</arg>
<arg>Points=${points}</arg>
<doc>Creates and returns a dictionary based on the given ``items``.</doc>
<status status="PASS" start="2025-11-20T23:03:20.122920" elapsed="0.000000"/>
</kw>
<return>
<value>${result}</value>
<status status="PASS" start="2025-11-20T23:03:20.122920" elapsed="0.000000"/>
</return>
<msg time="2025-11-20T23:03:20.122920" level="INFO">${row_dict} = {'Club': 'Wolves', 'Games': '11', 'Points': '2'}</msg>
<var>${row_dict}</var>
<arg>${text}</arg>
<status status="PASS" start="2025-11-20T23:03:20.072963" elapsed="0.049957"/>
</kw>
<kw name="Run Keyword If" owner="BuiltIn">
<kw name="Append To List" owner="Collections">
<arg>${rows_data}</arg>
<arg>${row_dict}</arg>
<doc>Adds ``values`` to the end of ``list``.</doc>
<status status="PASS" start="2025-11-20T23:03:20.122920" elapsed="0.000000"/>
</kw>
<arg>$row_dict is not None</arg>
<arg>Append To List</arg>
<arg>${rows_data}</arg>
<arg>${row_dict}</arg>
<doc>Runs the given keyword with the given arguments, if ``condition`` is true.</doc>
<status status="PASS" start="2025-11-20T23:03:20.122920" elapsed="0.000000"/>
</kw>
<var name="${row}">&lt;selenium.webdriver.remote.webelement.WebElement (session="50dd70fad54bf2f9ab6bd7a5420f7912", element="f.3B09CD16EEB89A8AF679412D6738AE08.d.FA5E7467E782BB6029DD7C46BABAB6C7.e.233")&gt;</var>
<status status="PASS" start="2025-11-20T23:03:20.059386" elapsed="0.064541"/>
</iter>
<var>${row}</var>
<value>@{rows}</value>
<status status="PASS" start="2025-11-20T23:03:19.483825" elapsed="0.640102"/>
</for>
<kw name="Get Length" owner="BuiltIn">
<msg time="2025-11-20T23:03:20.123927" level="INFO">Length is 20.</msg>
<msg time="2025-11-20T23:03:20.123927" level="INFO">${data_count} = 20</msg>
<var>${data_count}</var>
<arg>${rows_data}</arg>
<doc>Returns and logs the length of the given item as an integer.</doc>
<status status="PASS" start="2025-11-20T23:03:20.123927" elapsed="0.000000"/>
</kw>
<kw name="Run Keyword If" owner="BuiltIn">
<arg>${data_count} == 0</arg>
<arg>Fail</arg>
<arg>Nie udało się pobrać żadnych danych z tabeli.</arg>
<doc>Runs the given keyword with the given arguments, if ``condition`` is true.</doc>
<status status="PASS" start="2025-11-20T23:03:20.123927" elapsed="0.000000"/>
</kw>
<return>
<value>${rows_data}</value>
<status status="PASS" start="2025-11-20T23:03:20.123927" elapsed="0.000000"/>
</return>
<msg time="2025-11-20T23:03:20.123927" level="INFO">${table} = [{'Club': 'Arsenal', 'Games': '11', 'Points': '26'}, {'Club': 'Manchester City', 'Games': '11', 'Points': '22'}, {'Club': 'Chelsea', 'Games': '11', 'Points': '20'}, {'Club': 'Sunderland', 'Games': '11...</msg>
<var>${table}</var>
<status status="PASS" start="2025-11-20T23:03:18.452866" elapsed="1.671061"/>
</kw>
<return>
<value>${table}</value>
<status status="PASS" start="2025-11-20T23:03:20.123927" elapsed="0.000000"/>
</return>
<msg time="2025-11-20T23:03:20.123927" level="INFO">${table} = [{'Club': 'Arsenal', 'Games': '11', 'Points': '26'}, {'Club': 'Manchester City', 'Games': '11', 'Points': '22'}, {'Club': 'Chelsea', 'Games': '11', 'Points': '20'}, {'Club': 'Sunderland', 'Games': '11...</msg>
<var>${table}</var>
<arg>${record['leagueName']}</arg>
<status status="PASS" start="2025-11-20T23:03:16.892755" elapsed="3.231172"/>
</kw>
<kw name="Get Weather" owner="WeatherAPI">
<msg time="2025-11-20T23:03:20.485977" level="INFO">${weather} = {'celsius': 2.5, 'fahrenheit': 36.5, 'full_response': {'latitude': 51.5, 'longitude': -0.120000124, 'generationtime_ms': 0.06604194641113281, 'utc_offset_seconds': 0, 'timezone': 'GMT', 'timezone_abbr...</msg>
<var>${weather}</var>
<arg>${record['latitude']}</arg>
<arg>${record['longitude']}</arg>
<status status="PASS" start="2025-11-20T23:03:20.123927" elapsed="0.362050"/>
</kw>
<kw name="Write Excel File" owner="ExcelWriter">
<arg>${folder}</arg>
<arg>${record}</arg>
<arg>${table}</arg>
<arg>${weather}</arg>
<status status="PASS" start="2025-11-20T23:03:20.485977" elapsed="0.027015"/>
</kw>
<kw name="Write Weather Json" owner="ExcelWriter">
<arg>${folder}</arg>
<arg>${weather}</arg>
<status status="PASS" start="2025-11-20T23:03:20.512992" elapsed="0.001010"/>
</kw>
<var name="${record}">{'date': '2025-11-04', 'country': 'Anglia', 'leagueName': 'Premier League', 'latitude': 51.5, 'longitude': -0.12}</var>
<status status="PASS" start="2025-11-20T23:03:16.890750" elapsed="3.623252"/>
</iter>
<var>${record}</var>
<value>@{records}</value>
<status status="PASS" start="2025-11-20T23:03:12.772934" elapsed="7.741068"/>
</for>
<var name="${file}">input.json</var>
<status status="PASS" start="2025-11-20T23:03:12.771532" elapsed="7.742470"/>
</iter>
<var>${file}</var>
<value>@{input_files}</value>
<status status="PASS" start="2025-11-20T23:03:12.771532" elapsed="7.742470"/>
</for>
<kw name="Close Browser" owner="SeleniumLibrary">
<doc>Closes the current browser.</doc>
<status status="PASS" start="2025-11-20T23:03:20.514002" elapsed="2.170084"/>
</kw>
<status status="PASS" start="2025-11-20T23:03:09.059241" elapsed="13.624845"/>
</test>
<status status="PASS" start="2025-11-20T23:03:08.567461" elapsed="14.118131"/>
</suite>
<statistics>
<total>
<stat pass="1" fail="0" skip="0">All Tests</stat>
</total>
<tag>
</tag>
<suite>
<stat name="FootballFixtures" id="s1" pass="1" fail="0" skip="0">FootballFixtures</stat>
</suite>
</statistics>
<errors>
</errors>
</robot>
